{
  "stats": {
    "suites": 1,
    "tests": 1,
    "passes": 0,
    "pending": 0,
    "failures": 1,
    "start": "2026-01-10T13:40:45.974Z",
    "end": "2026-01-10T13:40:47.503Z",
    "duration": 1529,
    "testsRegistered": 3,
    "passPercent": 0,
    "pendingPercent": 0,
    "other": 0,
    "hasOther": false,
    "skipped": 2,
    "hasSkipped": true
  },
  "results": [
    {
      "uuid": "f983713b-37c5-4386-b117-3f30fd8f0e31",
      "title": "",
      "fullFile": "cypress\\E2E\\SERVICES\\SMOKE\\patient\\patientsIdSearchLocationDetails.cy.ts",
      "file": "cypress\\E2E\\SERVICES\\SMOKE\\patient\\patientsIdSearchLocationDetails.cy.ts",
      "beforeHooks": [],
      "afterHooks": [],
      "tests": [],
      "suites": [
        {
          "uuid": "29e0e57f-ff5d-4ffc-acd8-51feddf46bb7",
          "title": "[P31][S269] Patients API Test Suite",
          "fullFile": "",
          "file": "",
          "beforeHooks": [],
          "afterHooks": [],
          "tests": [
            {
              "title": "[C6754] Search PatientIds by LocationDetails (two filters, include inactive by default)",
              "fullTitle": "[P31][S269] Patients API Test Suite [C6754] Search PatientIds by LocationDetails (two filters, include inactive by default)",
              "timedOut": null,
              "duration": 750,
              "state": "failed",
              "speed": null,
              "pass": false,
              "fail": true,
              "pending": false,
              "context": "{\n  \"title\": \"cypress-mochawesome-reporter-screenshots\",\n  \"value\": [\n    [\n      \"\\\\patient\\\\patientsIdSearchLocationDetails.cy.ts\\\\[P31][S269] Patients API Test Suite -- [C6754] Search PatientIds by LocationDetails (two filters, include inactive by default) (failed).png\"\n    ],\n    [\n      \"\\\\patient\\\\patientsIdSearchLocationDetails.cy.ts\\\\[P31][S269] Patients API Test Suite -- [C6754] Search PatientIds by LocationDetails (two filters, include inactive by default) -- before each hook (failed) (attempt 2).png\"\n    ]\n  ]\n}",
              "code": "const locationChildrenDataA = {\n    level: obsData[1].HDIDLEVEL,\n    value: obsData[1].OBSVALUE,\n};\nconst locationChildrenDataB = {\n    level: obsData[0].HDIDLEVEL,\n    value: obsData[0].OBSVALUE,\n};\ncy.performPatientServiceAPIRequest(_support_apiSnapshot_index__WEBPACK_IMPORTED_MODULE_0__.PatientAPIURIResource.PATIENTS_IDs_LOCATION_DETAILS, _support_apiSnapshot_index__WEBPACK_IMPORTED_MODULE_0__.ApiVersion.v1, {\n    method: 'POST',\n    rawBody: [\n        {\n            [requestKeys.locationDetailChildren.level]: locationChildrenDataA.level,\n            [requestKeys.locationDetailChildren.value]: locationChildrenDataA.value,\n        },\n        {\n            [requestKeys.locationDetailChildren.level]: locationChildrenDataB.level,\n            [requestKeys.locationDetailChildren.value]: locationChildrenDataB.value,\n        },\n    ],\n    expectedStatus: 200,\n}).then(response => {\n    cy.validateLocationResponseBody(response.body);\n});",
              "err": {
                "message": "CypressError: \n\nTest steps were:\n\n1. Querying patient observations for Section/Block/Cell/Bed\n2. Querying patient observations for Section/Block/Cell/Bed\n3. Running your selected query against\n\ncentricityps database:\n\n |--[ \n    SELECT TOP (10)\n      t1.[PID]           AS PID,\n      t2.[LocationId]    AS LOCATIONID,\n      t1.[HDID]          AS HDID,\n      t1.[OBSTYPE]       AS OBSTYPE,\n      t1.[OBSVALUE]      AS OBSVALUE\n    FROM [centricityps_qa].[dbo].[OBS] AS t1\n    JOIN [centricityps_qa].[dbo].[PatientProfile] AS t2\n      ON t1.[PID] = t2.[PID]\n    WHERE t1.[CHANGE] = 2\n      AND t1.[HDID] IN (81745,81746,81747,81748)\n    ORDER BY t1.[PID] DESC\n   ]--|\n\n`cy.task('queryDb')` failed with the following error:\n\n> Invalid object name 'centricityps_qa.dbo.OBS'.\n\nhttps://on.cypress.io/api/task\n\nBecause this error occurred during a `before each` hook we are skipping the remaining tests in the current suite: `[P31][S269] Patients API Te...`",
                "estack": "CypressError: `cy.task('queryDb')` failed with the following error:\n\n> Invalid object name 'centricityps_qa.dbo.OBS'.\n\nhttps://on.cypress.io/api/task\n    at <unknown> (https://it-ua.it.fusionmgt.com/__cypress/runner/cypress_runner.js:138065:70)\n    at tryCatcher (https://it-ua.it.fusionmgt.com/__cypress/runner/cypress_runner.js:1777:23)\n    at Promise._settlePromiseFromHandler (https://it-ua.it.fusionmgt.com/__cypress/runner/cypress_runner.js:1489:31)\n    at Promise._settlePromise (https://it-ua.it.fusionmgt.com/__cypress/runner/cypress_runner.js:1546:18)\n    at Promise._settlePromise0 (https://it-ua.it.fusionmgt.com/__cypress/runner/cypress_runner.js:1591:10)\n    at Promise._settlePromises (https://it-ua.it.fusionmgt.com/__cypress/runner/cypress_runner.js:1667:18)\n    at _drainQueueStep (https://it-ua.it.fusionmgt.com/__cypress/runner/cypress_runner.js:2377:12)\n    at _drainQueue (https://it-ua.it.fusionmgt.com/__cypress/runner/cypress_runner.js:2370:9)\n    at Async._drainQueues (https://it-ua.it.fusionmgt.com/__cypress/runner/cypress_runner.js:2386:5)\n    at Async.drainQueues (https://it-ua.it.fusionmgt.com/__cypress/runner/cypress_runner.js:2256:14)\nFrom Your Spec Code:\n    at Context.eval (webpack:///./cypress/support/commands/globalCommands.ts:212:12)\n    at wrapped (https://it-ua.it.fusionmgt.com/__cypress/runner/cypress_runner.js:145673:43)\n\nFrom Node.js Internals:\nRequestError: Invalid object name 'centricityps_qa.dbo.OBS'.\n    at handleError (C:\\Users\\kabir.faisal\\source\\e2e-monorepo\\node_modules\\mssql\\lib\\tedious\\request.js:384:15)\n    at Connection.emit (node:events:519:28)\n    at emit (C:\\Users\\kabir.faisal\\source\\e2e-monorepo\\node_modules\\tedious\\src\\connection.ts:1927:18)\n    at onErrorMessage (C:\\Users\\kabir.faisal\\source\\e2e-monorepo\\node_modules\\tedious\\src\\token\\handler.ts:386:21)\n    at token (C:\\Users\\kabir.faisal\\source\\e2e-monorepo\\node_modules\\tedious\\src\\token\\token-stream-parser.ts:23:55)\n    at Readable.emit (node:events:519:28)\n    at addChunk (node:internal/streams/readable:559:12)\n    at readableAddChunkPushObjectMode (node:internal/streams/readable:536:3)\n    at Readable.push (node:internal/streams/readable:391:5)\n    at nextAsync (node:internal/streams/from:194:22)\n    at process.processTicksAndRejections (node:internal/process/task_queues:95:5)",
                "diff": null
              },
              "uuid": "3b36a0d2-5694-4574-815d-9b6298d1daaa",
              "parentUUID": "29e0e57f-ff5d-4ffc-acd8-51feddf46bb7",
              "isHook": false,
              "skipped": false
            },
            {
              "title": "[C15844] Get Active only Patients by LocationDetails",
              "fullTitle": "[P31][S269] Patients API Test Suite [C15844] Get Active only Patients by LocationDetails",
              "timedOut": null,
              "duration": 0,
              "state": "skipped",
              "speed": null,
              "pass": false,
              "fail": false,
              "pending": false,
              "context": null,
              "code": "const locationChildrenData = {\n    level: obsData[1].HDIDLEVEL,\n    value: obsData[1].OBSVALUE,\n};\ncy.performPatientServiceAPIRequest(_support_apiSnapshot_index__WEBPACK_IMPORTED_MODULE_0__.PatientAPIURIResource.PATIENTS_IDs_LOCATION_DETAILS, _support_apiSnapshot_index__WEBPACK_IMPORTED_MODULE_0__.ApiVersion.v1, {\n    method: 'POST',\n    includeInactive: false, // active only (per your current flag semantics)\n    rawBody: [\n        {\n            [requestKeys.locationDetailChildren.level]: locationChildrenData.level,\n            [requestKeys.locationDetailChildren.value]: locationChildrenData.value,\n        },\n    ],\n    expectedStatus: 200,\n}).then(response => {\n    cy.validateLocationResponseBody(response.body, [\n        obsData[0].PID,\n        obsData[1].PID,\n    ]);\n});",
              "err": {},
              "uuid": "95525650-e8cc-4398-878c-a4bda682745f",
              "parentUUID": "29e0e57f-ff5d-4ffc-acd8-51feddf46bb7",
              "isHook": false,
              "skipped": true
            },
            {
              "title": "[C15843] Include Inactive Patients by LocationDetails",
              "fullTitle": "[P31][S269] Patients API Test Suite [C15843] Include Inactive Patients by LocationDetails",
              "timedOut": null,
              "duration": 0,
              "state": "skipped",
              "speed": null,
              "pass": false,
              "fail": false,
              "pending": false,
              "context": null,
              "code": "const locationChildrenData = {\n    level: obsData[3].HDIDLEVEL,\n    value: obsData[3].OBSVALUE,\n};\ncy.performPatientServiceAPIRequest(_support_apiSnapshot_index__WEBPACK_IMPORTED_MODULE_0__.PatientAPIURIResource.PATIENTS_IDs_LOCATION_DETAILS, _support_apiSnapshot_index__WEBPACK_IMPORTED_MODULE_0__.ApiVersion.v1, {\n    method: 'POST',\n    includeInactive: true, // include inactive (NOT inactive-only, unless your API supports that)\n    rawBody: [\n        {\n            [requestKeys.locationDetailChildren.level]: locationChildrenData.level,\n            [requestKeys.locationDetailChildren.value]: locationChildrenData.value,\n        },\n    ],\n    expectedStatus: 200,\n}).then(response => {\n    cy.validateLocationResponseBody(response.body, obsData[3].PID);\n});",
              "err": {},
              "uuid": "d2addcf5-f2b9-48ad-9792-e918306c2e84",
              "parentUUID": "29e0e57f-ff5d-4ffc-acd8-51feddf46bb7",
              "isHook": false,
              "skipped": true
            }
          ],
          "suites": [],
          "passes": [],
          "failures": [
            "3b36a0d2-5694-4574-815d-9b6298d1daaa"
          ],
          "pending": [],
          "skipped": [
            "95525650-e8cc-4398-878c-a4bda682745f",
            "d2addcf5-f2b9-48ad-9792-e918306c2e84"
          ],
          "duration": 750,
          "root": false,
          "rootEmpty": false,
          "_timeout": 2000
        }
      ],
      "passes": [],
      "failures": [],
      "pending": [],
      "skipped": [],
      "duration": 0,
      "root": true,
      "rootEmpty": true,
      "_timeout": 2000
    }
  ],
  "meta": {
    "mocha": {
      "version": "7.2.0"
    },
    "mochawesome": {
      "options": {
        "quiet": false,
        "reportFilename": "mochawesome",
        "saveHtml": false,
        "saveJson": true,
        "consoleReporter": "spec",
        "useInlineDiffs": false,
        "code": true
      },
      "version": "7.1.4"
    },
    "marge": {
      "options": {
        "reportDir": "cypress\\reports\\.jsons",
        "overwrite": false,
        "html": false,
        "json": true
      },
      "version": "6.3.2"
    }
  }
}