{
  "stats": {
    "suites": 1,
    "tests": 5,
    "passes": 0,
    "pending": 0,
    "failures": 5,
    "start": "2026-01-10T13:40:49.245Z",
    "end": "2026-01-10T13:40:51.971Z",
    "duration": 2726,
    "testsRegistered": 5,
    "passPercent": 0,
    "pendingPercent": 0,
    "other": 0,
    "hasOther": false,
    "skipped": 0,
    "hasSkipped": false
  },
  "results": [
    {
      "uuid": "ebdc4be8-66a7-4433-bf56-a6b675365f64",
      "title": "",
      "fullFile": "cypress\\E2E\\SERVICES\\SMOKE\\patient\\patientsIdsQueryBodypayload.cy.ts",
      "file": "cypress\\E2E\\SERVICES\\SMOKE\\patient\\patientsIdsQueryBodypayload.cy.ts",
      "beforeHooks": [],
      "afterHooks": [],
      "tests": [],
      "suites": [
        {
          "uuid": "1fb87a0c-9376-481b-abce-2ddf447fada7",
          "title": "[P31][S269] Patients API Test Suite",
          "fullFile": "",
          "file": "",
          "beforeHooks": [],
          "afterHooks": [],
          "tests": [
            {
              "title": "[C5455] Search for single PATIENT_ID and matched LOCATION_ID",
              "fullTitle": "[P31][S269] Patients API Test Suite [C5455] Search for single PATIENT_ID and matched LOCATION_ID",
              "timedOut": null,
              "duration": 201,
              "state": "failed",
              "speed": null,
              "pass": false,
              "fail": true,
              "pending": false,
              "context": "{\n  \"title\": \"cypress-mochawesome-reporter-screenshots\",\n  \"value\": [\n    [\n      \"\\\\patient\\\\patientsIdsQueryBodypayload.cy.ts\\\\[P31][S269] Patients API Test Suite -- [C5455] Search for single PATIENT_ID and matched LOCATION_ID (failed).png\"\n    ],\n    [\n      \"\\\\patient\\\\patientsIdsQueryBodypayload.cy.ts\\\\[P31][S269] Patients API Test Suite -- [C5455] Search for single PATIENT_ID and matched LOCATION_ID (failed) (attempt 2).png\"\n    ]\n  ]\n}",
              "code": "const testPayload = {\n    method: 'Post',\n    requestKeys: [requestKey.patientIds, requestKey.locationIds],\n    requestValues: [\n        [profileData.singlePatientId],\n        [profileData.singleLocationId],\n    ],\n    expectedStatus: 200,\n    expectedResponsePatientsID: profileData.singlePatientId,\n    expectedResponseKeys: _support_apiSnapshot_index__WEBPACK_IMPORTED_MODULE_0__.patientResponseSnapshot,\n    expectedLocationId: profileData.singleLocationId,\n};\ncy.performPatientServiceAPIRequest(_support_apiSnapshot_index__WEBPACK_IMPORTED_MODULE_0__.PatientAPIURIResource.PATIENTS_IDS, _support_apiSnapshot_index__WEBPACK_IMPORTED_MODULE_0__.ApiVersion.v1, testPayload).then(response => {\n    cy.validatePatientsBody(response, testPayload);\n});",
              "err": {
                "message": "AssertionError: \n\nTest steps were:\n\n1. Resolved Endpoint: /fusion-services-patient/api/v1/patients/ids\n2. Creating Request body from requestKeys/requestValues\n\nexpected 405 to equal 200",
                "estack": "AssertionError: expected 405 to equal 200\n    at Context.eval (webpack:///./cypress/support/commands/projectCommands/servicesCommands.ts:135:31)\n    at getRet (https://it-ua.it.fusionmgt.com/__cypress/runner/cypress_runner.js:122341:20)\n    at tryCatcher (https://it-ua.it.fusionmgt.com/__cypress/runner/cypress_runner.js:1777:23)\n    at Promise.attempt.Promise.try (https://it-ua.it.fusionmgt.com/__cypress/runner/cypress_runner.js:4285:29)\n    at Context.thenFn (https://it-ua.it.fusionmgt.com/__cypress/runner/cypress_runner.js:122352:66)\n    at Context.then (https://it-ua.it.fusionmgt.com/__cypress/runner/cypress_runner.js:122603:21)",
                "diff": "- 405\n+ 200\n"
              },
              "uuid": "70772f6a-8937-4e17-ae79-af44f87436ed",
              "parentUUID": "1fb87a0c-9376-481b-abce-2ddf447fada7",
              "isHook": false,
              "skipped": false
            },
            {
              "title": "[C5456] Search for Multi PATIENT_ID and matched LOCATION_ID",
              "fullTitle": "[P31][S269] Patients API Test Suite [C5456] Search for Multi PATIENT_ID and matched LOCATION_ID",
              "timedOut": null,
              "duration": 197,
              "state": "failed",
              "speed": null,
              "pass": false,
              "fail": true,
              "pending": false,
              "context": "{\n  \"title\": \"cypress-mochawesome-reporter-screenshots\",\n  \"value\": [\n    [\n      \"\\\\patient\\\\patientsIdsQueryBodypayload.cy.ts\\\\[P31][S269] Patients API Test Suite -- [C5456] Search for Multi PATIENT_ID and matched LOCATION_ID (failed).png\"\n    ],\n    [\n      \"\\\\patient\\\\patientsIdsQueryBodypayload.cy.ts\\\\[P31][S269] Patients API Test Suite -- [C5456] Search for Multi PATIENT_ID and matched LOCATION_ID (failed) (attempt 2).png\"\n    ]\n  ]\n}",
              "code": "const testPayload = {\n    method: 'Post',\n    requestKeys: [requestKey.patientIds, requestKey.locationIds],\n    requestValues: [\n        Array.isArray(profileData.multiPatientId)\n            ? profileData.multiPatientId\n            : [profileData.multiPatientId],\n        Array.isArray(profileData.multiLocationId)\n            ? profileData.multiLocationId\n            : [profileData.multiLocationId],\n    ],\n    expectedStatus: 200,\n    expectedResponsePatientsID: profileData.multiPatientId,\n    expectedResponseKeys: _support_apiSnapshot_index__WEBPACK_IMPORTED_MODULE_0__.patientResponseSnapshot,\n    expectedLocationId: profileData.multiLocationId,\n};\ncy.performPatientServiceAPIRequest(_support_apiSnapshot_index__WEBPACK_IMPORTED_MODULE_0__.PatientAPIURIResource.PATIENTS_IDS, _support_apiSnapshot_index__WEBPACK_IMPORTED_MODULE_0__.ApiVersion.v1, testPayload).then(response => {\n    cy.validatePatientsBody(response, testPayload);\n});",
              "err": {
                "message": "AssertionError: \n\nTest steps were:\n\n1. Resolved Endpoint: /fusion-services-patient/api/v1/patients/ids\n2. Creating Request body from requestKeys/requestValues\n\nexpected 405 to equal 200",
                "estack": "AssertionError: expected 405 to equal 200\n    at Context.eval (webpack:///./cypress/support/commands/projectCommands/servicesCommands.ts:135:31)\n    at getRet (https://it-ua.it.fusionmgt.com/__cypress/runner/cypress_runner.js:122341:20)\n    at tryCatcher (https://it-ua.it.fusionmgt.com/__cypress/runner/cypress_runner.js:1777:23)\n    at Promise.attempt.Promise.try (https://it-ua.it.fusionmgt.com/__cypress/runner/cypress_runner.js:4285:29)\n    at Context.thenFn (https://it-ua.it.fusionmgt.com/__cypress/runner/cypress_runner.js:122352:66)\n    at Context.then (https://it-ua.it.fusionmgt.com/__cypress/runner/cypress_runner.js:122603:21)",
                "diff": "- 405\n+ 200\n"
              },
              "uuid": "126d2be4-f9a4-49dd-9e88-23d8d52e01f5",
              "parentUUID": "1fb87a0c-9376-481b-abce-2ddf447fada7",
              "isHook": false,
              "skipped": false
            },
            {
              "title": "[C5457] Search for single PATIENT_ID and unMatched LOCATION_ID",
              "fullTitle": "[P31][S269] Patients API Test Suite [C5457] Search for single PATIENT_ID and unMatched LOCATION_ID",
              "timedOut": null,
              "duration": 191,
              "state": "failed",
              "speed": null,
              "pass": false,
              "fail": true,
              "pending": false,
              "context": "{\n  \"title\": \"cypress-mochawesome-reporter-screenshots\",\n  \"value\": [\n    [\n      \"\\\\patient\\\\patientsIdsQueryBodypayload.cy.ts\\\\[P31][S269] Patients API Test Suite -- [C5457] Search for single PATIENT_ID and unMatched LOCATION_ID (failed).png\"\n    ],\n    [\n      \"\\\\patient\\\\patientsIdsQueryBodypayload.cy.ts\\\\[P31][S269] Patients API Test Suite -- [C5457] Search for single PATIENT_ID and unMatched LOCATION_ID (failed) (attempt 2).png\"\n    ]\n  ]\n}",
              "code": "const testPayload = {\n    method: 'Post',\n    requestKeys: [requestKey.patientIds, requestKey.locationIds],\n    requestValues: [\n        [profileData.singlePatientId],\n        [profileData.incorrectSingleLocationId],\n    ],\n    expectedStatus: 200,\n};\ncy.performPatientServiceAPIRequest(_support_apiSnapshot_index__WEBPACK_IMPORTED_MODULE_0__.PatientAPIURIResource.PATIENTS_IDS, _support_apiSnapshot_index__WEBPACK_IMPORTED_MODULE_0__.ApiVersion.v1, testPayload).then(response => {\n    expect(response.body).to.be.an('array').that.is.empty;\n});",
              "err": {
                "message": "AssertionError: \n\nTest steps were:\n\n1. Resolved Endpoint: /fusion-services-patient/api/v1/patients/ids\n2. Creating Request body from requestKeys/requestValues\n\nexpected 405 to equal 200",
                "estack": "AssertionError: expected 405 to equal 200\n    at Context.eval (webpack:///./cypress/support/commands/projectCommands/servicesCommands.ts:135:31)\n    at getRet (https://it-ua.it.fusionmgt.com/__cypress/runner/cypress_runner.js:122341:20)\n    at tryCatcher (https://it-ua.it.fusionmgt.com/__cypress/runner/cypress_runner.js:1777:23)\n    at Promise.attempt.Promise.try (https://it-ua.it.fusionmgt.com/__cypress/runner/cypress_runner.js:4285:29)\n    at Context.thenFn (https://it-ua.it.fusionmgt.com/__cypress/runner/cypress_runner.js:122352:66)\n    at Context.then (https://it-ua.it.fusionmgt.com/__cypress/runner/cypress_runner.js:122603:21)",
                "diff": "- 405\n+ 200\n"
              },
              "uuid": "42eabe7a-65c7-4bfc-bbe4-56e6ee3976f1",
              "parentUUID": "1fb87a0c-9376-481b-abce-2ddf447fada7",
              "isHook": false,
              "skipped": false
            },
            {
              "title": "[C5458] Search for PATIENT without passing the p.ID",
              "fullTitle": "[P31][S269] Patients API Test Suite [C5458] Search for PATIENT without passing the p.ID",
              "timedOut": null,
              "duration": 201,
              "state": "failed",
              "speed": null,
              "pass": false,
              "fail": true,
              "pending": false,
              "context": "{\n  \"title\": \"cypress-mochawesome-reporter-screenshots\",\n  \"value\": [\n    [\n      \"\\\\patient\\\\patientsIdsQueryBodypayload.cy.ts\\\\[P31][S269] Patients API Test Suite -- [C5458] Search for PATIENT without passing the p.ID (failed).png\"\n    ],\n    [\n      \"\\\\patient\\\\patientsIdsQueryBodypayload.cy.ts\\\\[P31][S269] Patients API Test Suite -- [C5458] Search for PATIENT without passing the p.ID (failed) (attempt 2).png\"\n    ]\n  ]\n}",
              "code": "const testPayload = {\n    method: 'Post',\n    requestKeys: [requestKey.locationIds],\n    requestValues: [[profileData.singleLocationId]],\n    expectedStatus: 200,\n    expectedLocationId: profileData.singleLocationId,\n};\ncy.performPatientServiceAPIRequest(_support_apiSnapshot_index__WEBPACK_IMPORTED_MODULE_0__.PatientAPIURIResource.PATIENTS_IDS, _support_apiSnapshot_index__WEBPACK_IMPORTED_MODULE_0__.ApiVersion.v1, testPayload).then(response => {\n    cy.validatePatientsBody(response, testPayload);\n    expect(response.body).to.be.an('array').and.is.not.empty;\n    expect(response.body.length).to.be.greaterThan(1);\n});",
              "err": {
                "message": "AssertionError: \n\nTest steps were:\n\n1. Resolved Endpoint: /fusion-services-patient/api/v1/patients/ids\n2. Creating Request body from requestKeys/requestValues\n\nexpected 405 to equal 200",
                "estack": "AssertionError: expected 405 to equal 200\n    at Context.eval (webpack:///./cypress/support/commands/projectCommands/servicesCommands.ts:135:31)\n    at getRet (https://it-ua.it.fusionmgt.com/__cypress/runner/cypress_runner.js:122341:20)\n    at tryCatcher (https://it-ua.it.fusionmgt.com/__cypress/runner/cypress_runner.js:1777:23)\n    at Promise.attempt.Promise.try (https://it-ua.it.fusionmgt.com/__cypress/runner/cypress_runner.js:4285:29)\n    at Context.thenFn (https://it-ua.it.fusionmgt.com/__cypress/runner/cypress_runner.js:122352:66)\n    at Context.then (https://it-ua.it.fusionmgt.com/__cypress/runner/cypress_runner.js:122603:21)",
                "diff": "- 405\n+ 200\n"
              },
              "uuid": "afb66588-194a-48cf-8b2e-ceaa1b983683",
              "parentUUID": "1fb87a0c-9376-481b-abce-2ddf447fada7",
              "isHook": false,
              "skipped": false
            },
            {
              "title": "[C5459] Search for single PATIENT_ID with not supported key",
              "fullTitle": "[P31][S269] Patients API Test Suite [C5459] Search for single PATIENT_ID with not supported key",
              "timedOut": null,
              "duration": 207,
              "state": "failed",
              "speed": null,
              "pass": false,
              "fail": true,
              "pending": false,
              "context": "{\n  \"title\": \"cypress-mochawesome-reporter-screenshots\",\n  \"value\": [\n    [\n      \"\\\\patient\\\\patientsIdsQueryBodypayload.cy.ts\\\\[P31][S269] Patients API Test Suite -- [C5459] Search for single PATIENT_ID with not supported key (failed).png\"\n    ],\n    [\n      \"\\\\patient\\\\patientsIdsQueryBodypayload.cy.ts\\\\[P31][S269] Patients API Test Suite -- [C5459] Search for single PATIENT_ID with not supported key (failed) (attempt 2).png\"\n    ]\n  ]\n}",
              "code": "const testPayload = {\n    method: 'Post',\n    requestKeys: [requestKey.patientIds, requestKey.externalId],\n    requestValues: [\n        [profileData.singlePatientId],\n        [profileData.incorrectSingleLocationId],\n    ],\n    expectedStatus: 200,\n};\ncy.performPatientServiceAPIRequest(_support_apiSnapshot_index__WEBPACK_IMPORTED_MODULE_0__.PatientAPIURIResource.PATIENTS_IDS, _support_apiSnapshot_index__WEBPACK_IMPORTED_MODULE_0__.ApiVersion.v1, testPayload).then(response => {\n    expect(response.status).to.eq(testPayload.expectedStatus);\n});",
              "err": {
                "message": "AssertionError: \n\nTest steps were:\n\n1. Resolved Endpoint: /fusion-services-patient/api/v1/patients/ids\n2. Creating Request body from requestKeys/requestValues\n\nexpected 405 to equal 200",
                "estack": "AssertionError: expected 405 to equal 200\n    at Context.eval (webpack:///./cypress/support/commands/projectCommands/servicesCommands.ts:135:31)\n    at getRet (https://it-ua.it.fusionmgt.com/__cypress/runner/cypress_runner.js:122341:20)\n    at tryCatcher (https://it-ua.it.fusionmgt.com/__cypress/runner/cypress_runner.js:1777:23)\n    at Promise.attempt.Promise.try (https://it-ua.it.fusionmgt.com/__cypress/runner/cypress_runner.js:4285:29)\n    at Context.thenFn (https://it-ua.it.fusionmgt.com/__cypress/runner/cypress_runner.js:122352:66)\n    at Context.then (https://it-ua.it.fusionmgt.com/__cypress/runner/cypress_runner.js:122603:21)",
                "diff": "- 405\n+ 200\n"
              },
              "uuid": "7aaa274f-79fb-4fdd-bd06-a56653bf0445",
              "parentUUID": "1fb87a0c-9376-481b-abce-2ddf447fada7",
              "isHook": false,
              "skipped": false
            }
          ],
          "suites": [],
          "passes": [],
          "failures": [
            "70772f6a-8937-4e17-ae79-af44f87436ed",
            "126d2be4-f9a4-49dd-9e88-23d8d52e01f5",
            "42eabe7a-65c7-4bfc-bbe4-56e6ee3976f1",
            "afb66588-194a-48cf-8b2e-ceaa1b983683",
            "7aaa274f-79fb-4fdd-bd06-a56653bf0445"
          ],
          "pending": [],
          "skipped": [],
          "duration": 997,
          "root": false,
          "rootEmpty": false,
          "_timeout": 2000
        }
      ],
      "passes": [],
      "failures": [],
      "pending": [],
      "skipped": [],
      "duration": 0,
      "root": true,
      "rootEmpty": true,
      "_timeout": 2000
    }
  ],
  "meta": {
    "mocha": {
      "version": "7.2.0"
    },
    "mochawesome": {
      "options": {
        "quiet": false,
        "reportFilename": "mochawesome",
        "saveHtml": false,
        "saveJson": true,
        "consoleReporter": "spec",
        "useInlineDiffs": false,
        "code": true
      },
      "version": "7.1.4"
    },
    "marge": {
      "options": {
        "reportDir": "cypress\\reports\\.jsons",
        "overwrite": false,
        "html": false,
        "json": true
      },
      "version": "6.3.2"
    }
  }
}