{
  "stats": {
    "suites": 1,
    "tests": 2,
    "passes": 2,
    "pending": 0,
    "failures": 0,
    "start": "2026-01-10T13:41:00.939Z",
    "end": "2026-01-10T13:41:05.161Z",
    "duration": 4222,
    "testsRegistered": 2,
    "passPercent": 100,
    "pendingPercent": 0,
    "other": 0,
    "hasOther": false,
    "skipped": 0,
    "hasSkipped": false
  },
  "results": [
    {
      "uuid": "a98fffd1-a0e1-42e7-b50d-192db73da337",
      "title": "",
      "fullFile": "cypress\\E2E\\SERVICES\\SMOKE\\patintAttributes\\patientsAttributeMedLists.cy.ts",
      "file": "cypress\\E2E\\SERVICES\\SMOKE\\patintAttributes\\patientsAttributeMedLists.cy.ts",
      "beforeHooks": [],
      "afterHooks": [],
      "tests": [],
      "suites": [
        {
          "uuid": "53cab765-8417-42f4-ab7f-66f210cb0d3f",
          "title": "[P31][S269] Patients Attribute API Test Suite",
          "fullFile": "",
          "file": "",
          "beforeHooks": [],
          "afterHooks": [],
          "tests": [
            {
              "title": "[C5628] Full list of patient-attributes (smoke)",
              "fullTitle": "[P31][S269] Patients Attribute API Test Suite [C5628] Full list of patient-attributes (smoke)",
              "timedOut": null,
              "duration": 121,
              "state": "passed",
              "speed": "fast",
              "pass": true,
              "fail": false,
              "pending": false,
              "context": null,
              "code": "cy.get('@madList').then(list => {\n    expect(list).to.be.an('array').and.not.empty;\n});",
              "err": {},
              "uuid": "3917ef11-b071-44aa-9b6d-42178a962ea0",
              "parentUUID": "53cab765-8417-42f4-ab7f-66f210cb0d3f",
              "isHook": false,
              "skipped": false
            },
            {
              "title": "[C5629] Validate all individual attributeNames and values",
              "fullTitle": "[P31][S269] Patients Attribute API Test Suite [C5629] Validate all individual attributeNames and values",
              "timedOut": null,
              "duration": 4069,
              "state": "passed",
              "speed": "fast",
              "pass": true,
              "fail": false,
              "pending": false,
              "context": null,
              "code": "cy.get('@madList').then(list => {\n    expect(list.length).to.be.greaterThan(0);\n    list.forEach(testCase => {\n        const testPayload = {\n            method: 'GET',\n            attributesName: testCase.attributesName,\n            expectedStatus: 200,\n            expectedAttributesName: testCase.attributesName,\n            expectedPatientAttributeId: testCase.patientAttributeId,\n            expectedAttributeIdDescription: testCase.attributeIdDescription,\n        };\n        cy.performPatientServiceAPIRequest(_support_apiSnapshot_index__WEBPACK_IMPORTED_MODULE_0__.PatientAPIURIResource.PATIENTS_ATTRIBUTE_NAME, _support_apiSnapshot_index__WEBPACK_IMPORTED_MODULE_0__.ApiVersion.v1, testPayload).then(response => {\n            cy.validateApiSchema(response, _support_apiSnapshot_index__WEBPACK_IMPORTED_MODULE_0__.PatientsAttributeResponseSnapshot);\n            cy.validatePatientsAttribute(response, testPayload);\n        });\n    });\n});",
              "err": {},
              "uuid": "7b02a8c8-48f5-424f-ab4f-1883ac7a69b6",
              "parentUUID": "53cab765-8417-42f4-ab7f-66f210cb0d3f",
              "isHook": false,
              "skipped": false
            }
          ],
          "suites": [],
          "passes": [
            "3917ef11-b071-44aa-9b6d-42178a962ea0",
            "7b02a8c8-48f5-424f-ab4f-1883ac7a69b6"
          ],
          "failures": [],
          "pending": [],
          "skipped": [],
          "duration": 4190,
          "root": false,
          "rootEmpty": false,
          "_timeout": 2000
        }
      ],
      "passes": [],
      "failures": [],
      "pending": [],
      "skipped": [],
      "duration": 0,
      "root": true,
      "rootEmpty": true,
      "_timeout": 2000
    }
  ],
  "meta": {
    "mocha": {
      "version": "7.2.0"
    },
    "mochawesome": {
      "options": {
        "quiet": false,
        "reportFilename": "mochawesome",
        "saveHtml": false,
        "saveJson": true,
        "consoleReporter": "spec",
        "useInlineDiffs": false,
        "code": true
      },
      "version": "7.1.4"
    },
    "marge": {
      "options": {
        "reportDir": "cypress\\reports\\.jsons",
        "overwrite": false,
        "html": false,
        "json": true
      },
      "version": "6.3.2"
    }
  }
}