{
  "stats": {
    "suites": 1,
    "tests": 4,
    "passes": 4,
    "pending": 0,
    "failures": 0,
    "start": "2026-01-10T13:40:53.479Z",
    "end": "2026-01-10T13:40:54.364Z",
    "duration": 885,
    "testsRegistered": 4,
    "passPercent": 100,
    "pendingPercent": 0,
    "other": 0,
    "hasOther": false,
    "skipped": 0,
    "hasSkipped": false
  },
  "results": [
    {
      "uuid": "53540676-79e9-4084-b7e4-8757e10bb96e",
      "title": "",
      "fullFile": "cypress\\E2E\\SERVICES\\SMOKE\\patient\\patientsQueryURIParams.cy.ts",
      "file": "cypress\\E2E\\SERVICES\\SMOKE\\patient\\patientsQueryURIParams.cy.ts",
      "beforeHooks": [],
      "afterHooks": [],
      "tests": [],
      "suites": [
        {
          "uuid": "41f217b6-0baf-482a-a41d-0e5fa74c65ff",
          "title": "[P31][S269] Patients API Test Suite",
          "fullFile": "",
          "file": "",
          "beforeHooks": [],
          "afterHooks": [],
          "tests": [
            {
              "title": "[C5451] Search by single paramKey URI request",
              "fullTitle": "[P31][S269] Patients API Test Suite [C5451] Search by single paramKey URI request",
              "timedOut": null,
              "duration": 640,
              "state": "passed",
              "speed": "fast",
              "pass": true,
              "fail": false,
              "pending": false,
              "context": null,
              "code": "const testPayload = {\n    patientID: profileData.PATIENT_ID,\n    method: 'GET',\n    expectedStatus: 200,\n    expectedResponsePatientsID: profileData.PATIENT_ID,\n};\ncy.performPatientServiceAPIRequest(_support_apiSnapshot_index__WEBPACK_IMPORTED_MODULE_0__.PatientAPIURIResource.PATIENTS_ID_URI, _support_apiSnapshot_index__WEBPACK_IMPORTED_MODULE_0__.ApiVersion.v1, testPayload).then(response => {\n    cy.validateApiSchema(response, _support_apiSnapshot_index__WEBPACK_IMPORTED_MODULE_0__.PatientResponseSnapshot);\n    cy.validatePatientsBody(response, testPayload);\n});",
              "err": {},
              "uuid": "4d32230d-9ac1-4373-8b2a-a25f34354595",
              "parentUUID": "41f217b6-0baf-482a-a41d-0e5fa74c65ff",
              "isHook": false,
              "skipped": false
            },
            {
              "title": "[C5452] Search by single paramKey URI request and LocationID",
              "fullTitle": "[P31][S269] Patients API Test Suite [C5452] Search by single paramKey URI request and LocationID",
              "timedOut": null,
              "duration": 72,
              "state": "passed",
              "speed": "fast",
              "pass": true,
              "fail": false,
              "pending": false,
              "context": null,
              "code": "const testPayload = {\n    patientID: profileData.PATIENT_ID,\n    method: 'GET',\n    requestKeys: [requestKey.locationIds],\n    requestValues: [profileData.LOCATION_ID],\n    expectedStatus: 200,\n    expectedLocationId: profileData.LOCATION_ID,\n};\ncy.performPatientServiceAPIRequest(_support_apiSnapshot_index__WEBPACK_IMPORTED_MODULE_0__.PatientAPIURIResource.PATIENTS_ID_URI, _support_apiSnapshot_index__WEBPACK_IMPORTED_MODULE_0__.ApiVersion.v1, testPayload).then(response => {\n    cy.validateApiSchema(response, _support_apiSnapshot_index__WEBPACK_IMPORTED_MODULE_0__.PatientResponseSnapshot);\n    cy.validatePatientsBody(response, testPayload);\n});",
              "err": {},
              "uuid": "02c3225b-01fd-458d-9a17-9c67539ca320",
              "parentUUID": "41f217b6-0baf-482a-a41d-0e5fa74c65ff",
              "isHook": false,
              "skipped": false
            },
            {
              "title": "[C5453] Search by single paramKey URI without an ID",
              "fullTitle": "[P31][S269] Patients API Test Suite [C5453] Search by single paramKey URI without an ID",
              "timedOut": null,
              "duration": 68,
              "state": "passed",
              "speed": "fast",
              "pass": true,
              "fail": false,
              "pending": false,
              "context": null,
              "code": "const testPayload = {\n    method: 'GET',\n    expectedStatus: 400,\n};\ncy.performPatientServiceAPIRequest(_support_apiSnapshot_index__WEBPACK_IMPORTED_MODULE_0__.PatientAPIURIResource.PATIENTS_ID_URI, _support_apiSnapshot_index__WEBPACK_IMPORTED_MODULE_0__.ApiVersion.v1, testPayload).then(response => {\n    cy.validatePatientsBody(response, testPayload);\n});",
              "err": {},
              "uuid": "66f80219-1eec-4e6e-b778-f8340cb70c4d",
              "parentUUID": "41f217b6-0baf-482a-a41d-0e5fa74c65ff",
              "isHook": false,
              "skipped": false
            },
            {
              "title": "[C5454] Search by patient with invalid ID",
              "fullTitle": "[P31][S269] Patients API Test Suite [C5454] Search by patient with invalid ID",
              "timedOut": null,
              "duration": 68,
              "state": "passed",
              "speed": "fast",
              "pass": true,
              "fail": false,
              "pending": false,
              "context": null,
              "code": "const testPayload = {\n    patientID: 1,\n    method: 'GET',\n    expectedStatus: 404,\n    expectedError: 'There is no patient with ID 1.',\n};\ncy.performPatientServiceAPIRequest(_support_apiSnapshot_index__WEBPACK_IMPORTED_MODULE_0__.PatientAPIURIResource.PATIENTS_ID_URI, _support_apiSnapshot_index__WEBPACK_IMPORTED_MODULE_0__.ApiVersion.v1, testPayload).then(response => {\n    cy.validatePatientsBody(response, testPayload);\n});",
              "err": {},
              "uuid": "270efe2c-3fde-4193-ab1a-6b7ba2dfd600",
              "parentUUID": "41f217b6-0baf-482a-a41d-0e5fa74c65ff",
              "isHook": false,
              "skipped": false
            }
          ],
          "suites": [],
          "passes": [
            "4d32230d-9ac1-4373-8b2a-a25f34354595",
            "02c3225b-01fd-458d-9a17-9c67539ca320",
            "66f80219-1eec-4e6e-b778-f8340cb70c4d",
            "270efe2c-3fde-4193-ab1a-6b7ba2dfd600"
          ],
          "failures": [],
          "pending": [],
          "skipped": [],
          "duration": 848,
          "root": false,
          "rootEmpty": false,
          "_timeout": 2000
        }
      ],
      "passes": [],
      "failures": [],
      "pending": [],
      "skipped": [],
      "duration": 0,
      "root": true,
      "rootEmpty": true,
      "_timeout": 2000
    }
  ],
  "meta": {
    "mocha": {
      "version": "7.2.0"
    },
    "mochawesome": {
      "options": {
        "quiet": false,
        "reportFilename": "mochawesome",
        "saveHtml": false,
        "saveJson": true,
        "consoleReporter": "spec",
        "useInlineDiffs": false,
        "code": true
      },
      "version": "7.1.4"
    },
    "marge": {
      "options": {
        "reportDir": "cypress\\reports\\.jsons",
        "overwrite": false,
        "html": false,
        "json": true
      },
      "version": "6.3.2"
    }
  }
}