{
  "stats": {
    "suites": 1,
    "tests": 7,
    "passes": 2,
    "pending": 0,
    "failures": 5,
    "start": "2026-01-10T13:40:55.886Z",
    "end": "2026-01-10T13:40:59.414Z",
    "duration": 3528,
    "testsRegistered": 7,
    "passPercent": 28.57142857142857,
    "pendingPercent": 0,
    "other": 0,
    "hasOther": false,
    "skipped": 0,
    "hasSkipped": false
  },
  "results": [
    {
      "uuid": "9d9ee6bf-c6e8-445d-9d0f-4807e323bfc1",
      "title": "",
      "fullFile": "cypress\\E2E\\SERVICES\\SMOKE\\patient\\patientsSearchQueryBodypayload.cy.ts",
      "file": "cypress\\E2E\\SERVICES\\SMOKE\\patient\\patientsSearchQueryBodypayload.cy.ts",
      "beforeHooks": [],
      "afterHooks": [],
      "tests": [],
      "suites": [
        {
          "uuid": "4be54cd3-3fa5-481f-be63-fa3f645ccd53",
          "title": "[P31][S269] Patients Search API Test Suite",
          "fullFile": "",
          "file": "",
          "beforeHooks": [],
          "afterHooks": [],
          "tests": [
            {
              "title": "[C5460] Search PhoneNumber and limit",
              "fullTitle": "[P31][S269] Patients Search API Test Suite [C5460] Search PhoneNumber and limit",
              "timedOut": null,
              "duration": 225,
              "state": "failed",
              "speed": null,
              "pass": false,
              "fail": true,
              "pending": false,
              "context": "{\n  \"title\": \"cypress-mochawesome-reporter-screenshots\",\n  \"value\": [\n    [\n      \"\\\\patient\\\\patientsSearchQueryBodypayload.cy.ts\\\\[P31][S269] Patients Search API Test Suite -- [C5460] Search PhoneNumber and limit (failed).png\"\n    ],\n    [\n      \"\\\\patient\\\\patientsSearchQueryBodypayload.cy.ts\\\\[P31][S269] Patients Search API Test Suite -- [C5460] Search PhoneNumber and limit (failed) (attempt 2).png\"\n    ]\n  ]\n}",
              "code": "const testPayload = {\n    method: 'Post',\n    requestKeys: [requestKey.limit, requestKey.phoneNumber],\n    requestValues: [SEARCH_LIMIT, profileData.PHONE_NUMBER],\n    expectedStatus: 200,\n    expectedPhone: profileData.PHONE_NUMBER,\n};\ncy.performPatientServiceAPIRequest(_support_apiSnapshot_index__WEBPACK_IMPORTED_MODULE_0__.PatientAPIURIResource.PATIENTS_SEARCH, _support_apiSnapshot_index__WEBPACK_IMPORTED_MODULE_0__.ApiVersion.v1, testPayload).then(response => {\n    cy.validateApiSchema(response, _support_apiSnapshot_index__WEBPACK_IMPORTED_MODULE_0__.PatientResponseSnapshot);\n    cy.validatePatientsBody(response, testPayload);\n});",
              "err": {
                "message": "AssertionError: \n\nTest steps were:\n\n1. Resolved Endpoint: /fusion-services-patient/api/v1/patients/search\n2. Creating Request body from requestKeys/requestValues\n3. Response status: 200\n\nPayload[0] is missing 30 expected key(s):\n• id\n• designation\n• externalId\n• medicalRecordNumber\n• firstName\n• middleName\n• lastName\n• aliasName\n• socialSecurityNumber\n• dateOfBirth\n• dateOfDeath\n• primaryPhoneNumber\n• email\n• prefix\n• suffix\n• isSensitiveChart\n• sex\n• status\n• location.locationId\n• location.locationDetails\n• location.locationDetails.level\n• location.locationDetails.value\n• externalIdentifiers\n• externalIdentifiers.value\n• externalIdentifiers.typeId\n• externalIdentifiers.typeDescription\n• createdOnUTC\n• updatedOnUTC\n• createdBy\n• updatedBy: expected [ Array(30) ] to have a length of 0 but got 30",
                "estack": "AssertionError: Payload[0] is missing 30 expected key(s):\n• id\n• designation\n• externalId\n• medicalRecordNumber\n• firstName\n• middleName\n• lastName\n• aliasName\n• socialSecurityNumber\n• dateOfBirth\n• dateOfDeath\n• primaryPhoneNumber\n• email\n• prefix\n• suffix\n• isSensitiveChart\n• sex\n• status\n• location.locationId\n• location.locationDetails\n• location.locationDetails.level\n• location.locationDetails.value\n• externalIdentifiers\n• externalIdentifiers.value\n• externalIdentifiers.typeId\n• externalIdentifiers.typeDescription\n• createdOnUTC\n• updatedOnUTC\n• createdBy\n• updatedBy: expected [ Array(30) ] to have a length of 0 but got 30\n    at eval (webpack:///./cypress/support/commands/globalAPISnapsshots.ts:156:33)\nat Array.forEach (<anonymous>)\n    at Context.eval (webpack:///./cypress/support/commands/globalAPISnapsshots.ts:142:8)\n    at wrapped (https://it-ua.it.fusionmgt.com/__cypress/runner/cypress_runner.js:145673:43)",
                "diff": null
              },
              "uuid": "3775b623-ee50-4ae4-a4e6-55804b4c3767",
              "parentUUID": "4be54cd3-3fa5-481f-be63-fa3f645ccd53",
              "isHook": false,
              "skipped": false
            },
            {
              "title": "[C5461] Search PhoneNumber and without limit",
              "fullTitle": "[P31][S269] Patients Search API Test Suite [C5461] Search PhoneNumber and without limit",
              "timedOut": null,
              "duration": 76,
              "state": "passed",
              "speed": "fast",
              "pass": true,
              "fail": false,
              "pending": false,
              "context": null,
              "code": "const testPayload = {\n    method: 'Post',\n    requestKeys: [requestKey.phoneNumber],\n    requestValues: [profileData.PHONE_NUMBER],\n    expectedStatus: 400,\n};\ncy.performPatientServiceAPIRequest(_support_apiSnapshot_index__WEBPACK_IMPORTED_MODULE_0__.PatientAPIURIResource.PATIENTS_SEARCH, _support_apiSnapshot_index__WEBPACK_IMPORTED_MODULE_0__.ApiVersion.v1, testPayload).then(response => {\n    expect(response.status).to.eq(testPayload.expectedStatus);\n});",
              "err": {},
              "uuid": "a2d3d7d6-f1fd-41d7-afa3-64182aab92bc",
              "parentUUID": "4be54cd3-3fa5-481f-be63-fa3f645ccd53",
              "isHook": false,
              "skipped": false
            },
            {
              "title": "[C5462] Search LastName, limit and LOCATION_ID",
              "fullTitle": "[P31][S269] Patients Search API Test Suite [C5462] Search LastName, limit and LOCATION_ID",
              "timedOut": null,
              "duration": 205,
              "state": "failed",
              "speed": null,
              "pass": false,
              "fail": true,
              "pending": false,
              "context": "{\n  \"title\": \"cypress-mochawesome-reporter-screenshots\",\n  \"value\": [\n    [\n      \"\\\\patient\\\\patientsSearchQueryBodypayload.cy.ts\\\\[P31][S269] Patients Search API Test Suite -- [C5462] Search LastName, limit and LOCATION_ID (failed).png\"\n    ],\n    [\n      \"\\\\patient\\\\patientsSearchQueryBodypayload.cy.ts\\\\[P31][S269] Patients Search API Test Suite -- [C5462] Search LastName, limit and LOCATION_ID (failed) (attempt 2).png\"\n    ]\n  ]\n}",
              "code": "const testPayload = {\n    method: 'Post',\n    requestKeys: [\n        requestKey.lastName,\n        requestKey.limit,\n        requestKey.locationIds,\n    ],\n    requestValues: [\n        profileData.PATIENT_LASTNAME,\n        SEARCH_LIMIT,\n        [profileData.LOCATION_ID],\n    ],\n    expectedStatus: 200,\n    expectedLocationId: profileData.LOCATION_ID,\n    expectedLastName: profileData.PATIENT_LASTNAME,\n    expectedPhone: profileData.PHONE_NUMBER,\n};\ncy.performPatientServiceAPIRequest(_support_apiSnapshot_index__WEBPACK_IMPORTED_MODULE_0__.PatientAPIURIResource.PATIENTS_SEARCH, _support_apiSnapshot_index__WEBPACK_IMPORTED_MODULE_0__.ApiVersion.v1, testPayload).then(response => {\n    cy.validateApiSchema(response, _support_apiSnapshot_index__WEBPACK_IMPORTED_MODULE_0__.PatientResponseSnapshot);\n    cy.validatePatientsBody(response, testPayload);\n});",
              "err": {
                "message": "AssertionError: \n\nTest steps were:\n\n1. Resolved Endpoint: /fusion-services-patient/api/v1/patients/search\n2. Creating Request body from requestKeys/requestValues\n3. Response status: 200\n\nPayload[0] is missing 30 expected key(s):\n• id\n• designation\n• externalId\n• medicalRecordNumber\n• firstName\n• middleName\n• lastName\n• aliasName\n• socialSecurityNumber\n• dateOfBirth\n• dateOfDeath\n• primaryPhoneNumber\n• email\n• prefix\n• suffix\n• isSensitiveChart\n• sex\n• status\n• location.locationId\n• location.locationDetails\n• location.locationDetails.level\n• location.locationDetails.value\n• externalIdentifiers\n• externalIdentifiers.value\n• externalIdentifiers.typeId\n• externalIdentifiers.typeDescription\n• createdOnUTC\n• updatedOnUTC\n• createdBy\n• updatedBy: expected [ Array(30) ] to have a length of 0 but got 30",
                "estack": "AssertionError: Payload[0] is missing 30 expected key(s):\n• id\n• designation\n• externalId\n• medicalRecordNumber\n• firstName\n• middleName\n• lastName\n• aliasName\n• socialSecurityNumber\n• dateOfBirth\n• dateOfDeath\n• primaryPhoneNumber\n• email\n• prefix\n• suffix\n• isSensitiveChart\n• sex\n• status\n• location.locationId\n• location.locationDetails\n• location.locationDetails.level\n• location.locationDetails.value\n• externalIdentifiers\n• externalIdentifiers.value\n• externalIdentifiers.typeId\n• externalIdentifiers.typeDescription\n• createdOnUTC\n• updatedOnUTC\n• createdBy\n• updatedBy: expected [ Array(30) ] to have a length of 0 but got 30\n    at eval (webpack:///./cypress/support/commands/globalAPISnapsshots.ts:156:33)\nat Array.forEach (<anonymous>)\n    at Context.eval (webpack:///./cypress/support/commands/globalAPISnapsshots.ts:142:8)\n    at wrapped (https://it-ua.it.fusionmgt.com/__cypress/runner/cypress_runner.js:145673:43)",
                "diff": null
              },
              "uuid": "fc8d61bb-4ff7-4846-af5b-c154e48530ca",
              "parentUUID": "4be54cd3-3fa5-481f-be63-fa3f645ccd53",
              "isHook": false,
              "skipped": false
            },
            {
              "title": "[C5463] Search DOB, limit and location",
              "fullTitle": "[P31][S269] Patients Search API Test Suite [C5463] Search DOB, limit and location",
              "timedOut": null,
              "duration": 207,
              "state": "failed",
              "speed": null,
              "pass": false,
              "fail": true,
              "pending": false,
              "context": "{\n  \"title\": \"cypress-mochawesome-reporter-screenshots\",\n  \"value\": [\n    [\n      \"\\\\patient\\\\patientsSearchQueryBodypayload.cy.ts\\\\[P31][S269] Patients Search API Test Suite -- [C5463] Search DOB, limit and location (failed).png\"\n    ],\n    [\n      \"\\\\patient\\\\patientsSearchQueryBodypayload.cy.ts\\\\[P31][S269] Patients Search API Test Suite -- [C5463] Search DOB, limit and location (failed) (attempt 2).png\"\n    ]\n  ]\n}",
              "code": "const testPayload = {\n    method: 'Post',\n    requestKeys: [\n        requestKey.dateOfBirthStart,\n        requestKey.limit,\n        requestKey.locationIds,\n    ],\n    requestValues: [\n        profileData.PATIENT_DOB,\n        SEARCH_LIMIT,\n        [profileData.LOCATION_ID],\n    ],\n    expectedStatus: 200,\n    expectedLocationId: profileData.LOCATION_ID,\n};\ncy.performPatientServiceAPIRequest(_support_apiSnapshot_index__WEBPACK_IMPORTED_MODULE_0__.PatientAPIURIResource.PATIENTS_SEARCH, _support_apiSnapshot_index__WEBPACK_IMPORTED_MODULE_0__.ApiVersion.v1, testPayload).then(response => {\n    cy.validateApiSchema(response, _support_apiSnapshot_index__WEBPACK_IMPORTED_MODULE_0__.PatientResponseSnapshot);\n    cy.validatePatientsBody(response, testPayload);\n});",
              "err": {
                "message": "AssertionError: \n\nTest steps were:\n\n1. Resolved Endpoint: /fusion-services-patient/api/v1/patients/search\n2. Creating Request body from requestKeys/requestValues\n3. Response status: 200\n\nPayload[0] is missing 30 expected key(s):\n• id\n• designation\n• externalId\n• medicalRecordNumber\n• firstName\n• middleName\n• lastName\n• aliasName\n• socialSecurityNumber\n• dateOfBirth\n• dateOfDeath\n• primaryPhoneNumber\n• email\n• prefix\n• suffix\n• isSensitiveChart\n• sex\n• status\n• location.locationId\n• location.locationDetails\n• location.locationDetails.level\n• location.locationDetails.value\n• externalIdentifiers\n• externalIdentifiers.value\n• externalIdentifiers.typeId\n• externalIdentifiers.typeDescription\n• createdOnUTC\n• updatedOnUTC\n• createdBy\n• updatedBy: expected [ Array(30) ] to have a length of 0 but got 30",
                "estack": "AssertionError: Payload[0] is missing 30 expected key(s):\n• id\n• designation\n• externalId\n• medicalRecordNumber\n• firstName\n• middleName\n• lastName\n• aliasName\n• socialSecurityNumber\n• dateOfBirth\n• dateOfDeath\n• primaryPhoneNumber\n• email\n• prefix\n• suffix\n• isSensitiveChart\n• sex\n• status\n• location.locationId\n• location.locationDetails\n• location.locationDetails.level\n• location.locationDetails.value\n• externalIdentifiers\n• externalIdentifiers.value\n• externalIdentifiers.typeId\n• externalIdentifiers.typeDescription\n• createdOnUTC\n• updatedOnUTC\n• createdBy\n• updatedBy: expected [ Array(30) ] to have a length of 0 but got 30\n    at eval (webpack:///./cypress/support/commands/globalAPISnapsshots.ts:156:33)\nat Array.forEach (<anonymous>)\n    at Context.eval (webpack:///./cypress/support/commands/globalAPISnapsshots.ts:142:8)\n    at wrapped (https://it-ua.it.fusionmgt.com/__cypress/runner/cypress_runner.js:145673:43)",
                "diff": null
              },
              "uuid": "64f81dd5-a6bb-48a8-ba17-5a9ec68dc025",
              "parentUUID": "4be54cd3-3fa5-481f-be63-fa3f645ccd53",
              "isHook": false,
              "skipped": false
            },
            {
              "title": "[C5464] Search externalIdentifiers and limit",
              "fullTitle": "[P31][S269] Patients Search API Test Suite [C5464] Search externalIdentifiers and limit",
              "timedOut": null,
              "duration": 205,
              "state": "failed",
              "speed": null,
              "pass": false,
              "fail": true,
              "pending": false,
              "context": "{\n  \"title\": \"cypress-mochawesome-reporter-screenshots\",\n  \"value\": [\n    [\n      \"\\\\patient\\\\patientsSearchQueryBodypayload.cy.ts\\\\[P31][S269] Patients Search API Test Suite -- [C5464] Search externalIdentifiers and limit (failed).png\"\n    ],\n    [\n      \"\\\\patient\\\\patientsSearchQueryBodypayload.cy.ts\\\\[P31][S269] Patients Search API Test Suite -- [C5464] Search externalIdentifiers and limit (failed) (attempt 2).png\"\n    ]\n  ]\n}",
              "code": "const testPayload = {\n    method: 'Post',\n    requestKeys: [requestKey.externalIdentifiers, requestKey.limit],\n    requestValues: [\n        [{ externalIdentifiersChildren: { typeId: '10', value: 'test' } }],\n        SEARCH_LIMIT,\n    ],\n    expectedStatus: 200,\n};\ncy.performPatientServiceAPIRequest(_support_apiSnapshot_index__WEBPACK_IMPORTED_MODULE_0__.PatientAPIURIResource.PATIENTS_SEARCH, _support_apiSnapshot_index__WEBPACK_IMPORTED_MODULE_0__.ApiVersion.v1, testPayload).then(response => {\n    cy.validateApiSchema(response, _support_apiSnapshot_index__WEBPACK_IMPORTED_MODULE_0__.PatientResponseSnapshot);\n    cy.validatePatientsBody(response, testPayload);\n});",
              "err": {
                "message": "AssertionError: \n\nTest steps were:\n\n1. Resolved Endpoint: /fusion-services-patient/api/v1/patients/search\n2. Creating Request body from requestKeys/requestValues\n3. Response status: 200\n\nPayload[0] is missing 30 expected key(s):\n• id\n• designation\n• externalId\n• medicalRecordNumber\n• firstName\n• middleName\n• lastName\n• aliasName\n• socialSecurityNumber\n• dateOfBirth\n• dateOfDeath\n• primaryPhoneNumber\n• email\n• prefix\n• suffix\n• isSensitiveChart\n• sex\n• status\n• location.locationId\n• location.locationDetails\n• location.locationDetails.level\n• location.locationDetails.value\n• externalIdentifiers\n• externalIdentifiers.value\n• externalIdentifiers.typeId\n• externalIdentifiers.typeDescription\n• createdOnUTC\n• updatedOnUTC\n• createdBy\n• updatedBy: expected [ Array(30) ] to have a length of 0 but got 30",
                "estack": "AssertionError: Payload[0] is missing 30 expected key(s):\n• id\n• designation\n• externalId\n• medicalRecordNumber\n• firstName\n• middleName\n• lastName\n• aliasName\n• socialSecurityNumber\n• dateOfBirth\n• dateOfDeath\n• primaryPhoneNumber\n• email\n• prefix\n• suffix\n• isSensitiveChart\n• sex\n• status\n• location.locationId\n• location.locationDetails\n• location.locationDetails.level\n• location.locationDetails.value\n• externalIdentifiers\n• externalIdentifiers.value\n• externalIdentifiers.typeId\n• externalIdentifiers.typeDescription\n• createdOnUTC\n• updatedOnUTC\n• createdBy\n• updatedBy: expected [ Array(30) ] to have a length of 0 but got 30\n    at eval (webpack:///./cypress/support/commands/globalAPISnapsshots.ts:156:33)\nat Array.forEach (<anonymous>)\n    at Context.eval (webpack:///./cypress/support/commands/globalAPISnapsshots.ts:142:8)\n    at wrapped (https://it-ua.it.fusionmgt.com/__cypress/runner/cypress_runner.js:145673:43)",
                "diff": null
              },
              "uuid": "2a51b3f1-3031-4bd9-84ae-5143ec6d1f63",
              "parentUUID": "4be54cd3-3fa5-481f-be63-fa3f645ccd53",
              "isHook": false,
              "skipped": false
            },
            {
              "title": "[C5465] Search Only Inactive Patients and limit 999",
              "fullTitle": "[P31][S269] Patients Search API Test Suite [C5465] Search Only Inactive Patients and limit 999",
              "timedOut": null,
              "duration": 359,
              "state": "failed",
              "speed": null,
              "pass": false,
              "fail": true,
              "pending": false,
              "context": "{\n  \"title\": \"cypress-mochawesome-reporter-screenshots\",\n  \"value\": [\n    [\n      \"\\\\patient\\\\patientsSearchQueryBodypayload.cy.ts\\\\[P31][S269] Patients Search API Test Suite -- [C5465] Search Only Inactive Patients and limit 999 (failed).png\"\n    ],\n    [\n      \"\\\\patient\\\\patientsSearchQueryBodypayload.cy.ts\\\\[P31][S269] Patients Search API Test Suite -- [C5465] Search Only Inactive Patients and limit 999 (failed) (attempt 2).png\"\n    ]\n  ]\n}",
              "code": "const testPayload = {\n    method: 'Post',\n    requestKeys: [requestKey.includeInactive, requestKey.limit],\n    requestValues: [true, 999],\n    expectedStatus: 200,\n};\ncy.performPatientServiceAPIRequest(_support_apiSnapshot_index__WEBPACK_IMPORTED_MODULE_0__.PatientAPIURIResource.PATIENTS_SEARCH, _support_apiSnapshot_index__WEBPACK_IMPORTED_MODULE_0__.ApiVersion.v1, testPayload).then(response => {\n    cy.validateApiSchema(response, _support_apiSnapshot_index__WEBPACK_IMPORTED_MODULE_0__.PatientResponseSnapshot);\n    expect(response.status).to.eq(testPayload.expectedStatus);\n});",
              "err": {
                "message": "AssertionError: \n\nTest steps were:\n\n1. Resolved Endpoint: /fusion-services-patient/api/v1/patients/search\n2. Creating Request body from requestKeys/requestValues\n3. Response status: 200\n\nPayload[0] is missing 30 expected key(s):\n• id\n• designation\n• externalId\n• medicalRecordNumber\n• firstName\n• middleName\n• lastName\n• aliasName\n• socialSecurityNumber\n• dateOfBirth\n• dateOfDeath\n• primaryPhoneNumber\n• email\n• prefix\n• suffix\n• isSensitiveChart\n• sex\n• status\n• location.locationId\n• location.locationDetails\n• location.locationDetails.level\n• location.locationDetails.value\n• externalIdentifiers\n• externalIdentifiers.value\n• externalIdentifiers.typeId\n• externalIdentifiers.typeDescription\n• createdOnUTC\n• updatedOnUTC\n• createdBy\n• updatedBy: expected [ Array(30) ] to have a length of 0 but got 30",
                "estack": "AssertionError: Payload[0] is missing 30 expected key(s):\n• id\n• designation\n• externalId\n• medicalRecordNumber\n• firstName\n• middleName\n• lastName\n• aliasName\n• socialSecurityNumber\n• dateOfBirth\n• dateOfDeath\n• primaryPhoneNumber\n• email\n• prefix\n• suffix\n• isSensitiveChart\n• sex\n• status\n• location.locationId\n• location.locationDetails\n• location.locationDetails.level\n• location.locationDetails.value\n• externalIdentifiers\n• externalIdentifiers.value\n• externalIdentifiers.typeId\n• externalIdentifiers.typeDescription\n• createdOnUTC\n• updatedOnUTC\n• createdBy\n• updatedBy: expected [ Array(30) ] to have a length of 0 but got 30\n    at eval (webpack:///./cypress/support/commands/globalAPISnapsshots.ts:156:33)\nat Array.forEach (<anonymous>)\n    at Context.eval (webpack:///./cypress/support/commands/globalAPISnapsshots.ts:142:8)\n    at wrapped (https://it-ua.it.fusionmgt.com/__cypress/runner/cypress_runner.js:145673:43)",
                "diff": null
              },
              "uuid": "10bd3f60-765a-49b0-b1da-b99bd90fb8be",
              "parentUUID": "4be54cd3-3fa5-481f-be63-fa3f645ccd53",
              "isHook": false,
              "skipped": false
            },
            {
              "title": "[C5467] Search Patients MEDICAL RECORD NUMBER and limit",
              "fullTitle": "[P31][S269] Patients Search API Test Suite [C5467] Search Patients MEDICAL RECORD NUMBER and limit",
              "timedOut": null,
              "duration": 156,
              "state": "passed",
              "speed": "fast",
              "pass": true,
              "fail": false,
              "pending": false,
              "context": null,
              "code": "const testPayload = {\n    method: 'Post',\n    requestKeys: [requestKey.medicalRecordNumber, requestKey.limit],\n    requestValues: [profileData.MEDICAL_RECORD_NUMBER, 5],\n    expectedStatus: 200,\n    expectMedicalRecordNumber: profileData.MEDICAL_RECORD_NUMBER,\n};\ncy.performPatientServiceAPIRequest(_support_apiSnapshot_index__WEBPACK_IMPORTED_MODULE_0__.PatientAPIURIResource.PATIENTS_SEARCH, _support_apiSnapshot_index__WEBPACK_IMPORTED_MODULE_0__.ApiVersion.v1, testPayload).then(response => {\n    expect(response.status).to.eq(testPayload.expectedStatus);\n});",
              "err": {},
              "uuid": "1be8617a-15c3-4a12-a1b6-34e33fd465a3",
              "parentUUID": "4be54cd3-3fa5-481f-be63-fa3f645ccd53",
              "isHook": false,
              "skipped": false
            }
          ],
          "suites": [],
          "passes": [
            "a2d3d7d6-f1fd-41d7-afa3-64182aab92bc",
            "1be8617a-15c3-4a12-a1b6-34e33fd465a3"
          ],
          "failures": [
            "3775b623-ee50-4ae4-a4e6-55804b4c3767",
            "fc8d61bb-4ff7-4846-af5b-c154e48530ca",
            "64f81dd5-a6bb-48a8-ba17-5a9ec68dc025",
            "2a51b3f1-3031-4bd9-84ae-5143ec6d1f63",
            "10bd3f60-765a-49b0-b1da-b99bd90fb8be"
          ],
          "pending": [],
          "skipped": [],
          "duration": 1433,
          "root": false,
          "rootEmpty": false,
          "_timeout": 2000
        }
      ],
      "passes": [],
      "failures": [],
      "pending": [],
      "skipped": [],
      "duration": 0,
      "root": true,
      "rootEmpty": true,
      "_timeout": 2000
    }
  ],
  "meta": {
    "mocha": {
      "version": "7.2.0"
    },
    "mochawesome": {
      "options": {
        "quiet": false,
        "reportFilename": "mochawesome",
        "saveHtml": false,
        "saveJson": true,
        "consoleReporter": "spec",
        "useInlineDiffs": false,
        "code": true
      },
      "version": "7.1.4"
    },
    "marge": {
      "options": {
        "reportDir": "cypress\\reports\\.jsons",
        "overwrite": false,
        "html": false,
        "json": true
      },
      "version": "6.3.2"
    }
  }
}