{
  "stats": {
    "tests": 18,
    "passes": 15,
    "failures": 3,
    "pending": 0,
    "suites": 10,
    "duration": 2429,
    "testsRegistered": 18,
    "skipped": 0,
    "hasSkipped": false,
    "passPercent": 83.33333333333334,
    "pendingPercent": 0
  },
  "results": [
    {
      "uuid": "c6f69eb7-c8e4-4ee3-865b-044e60c2c12a",
      "title": "",
      "fullFile": "cypress\\E2E\\SERVICES\\PatientServiceAPI\\SMOKE\\patiEntAttribute\\patientsAttributeNameURIParams.cy.ts",
      "file": "cypress\\E2E\\SERVICES\\PatientServiceAPI\\SMOKE\\patiEntAttribute\\patientsAttributeNameURIParams.cy.ts",
      "beforeHooks": [],
      "afterHooks": [],
      "tests": [],
      "suites": [
        {
          "uuid": "dee8e2bf-a1bc-4278-89de-e4aa95057b94",
          "title": "[P31][S269] Patients API Test Suite",
          "fullFile": "",
          "file": "",
          "beforeHooks": [],
          "afterHooks": [],
          "tests": [],
          "suites": [
            {
              "uuid": "b6675d6e-4420-4752-b0a1-df1d648ec0a4",
              "title": "Patients URI  ID resource Endpoint Tests",
              "fullFile": "",
              "file": "",
              "beforeHooks": [],
              "afterHooks": [],
              "tests": [
                {
                  "title": " [C5629] Specific attributeName",
                  "fullTitle": "[P31][S269] Patients API Test Suite Patients URI  ID resource Endpoint Tests  [C5629] Specific attributeName",
                  "timedOut": null,
                  "duration": 199,
                  "state": "passed",
                  "speed": "fast",
                  "pass": true,
                  "fail": false,
                  "pending": false,
                  "context": null,
                  "code": "cy.performPatientAPIRequest(_support_utilities_index__WEBPACK_IMPORTED_MODULE_1__.PatientAPIURIResource.PATIENTS_ATTRIBUTE_NAME, _support_utilities_index__WEBPACK_IMPORTED_MODULE_1__.ApiVersion.v1, test, token).then(({ body }) => {\n    cy.validatePatientsAttribute(body, test);\n});",
                  "err": {},
                  "uuid": "186badc2-67ad-48bb-8c85-6f42e1742e7b",
                  "parentUUID": "b6675d6e-4420-4752-b0a1-df1d648ec0a4",
                  "isHook": false,
                  "skipped": false
                }
              ],
              "suites": [],
              "passes": [
                "186badc2-67ad-48bb-8c85-6f42e1742e7b"
              ],
              "failures": [],
              "pending": [],
              "skipped": [],
              "duration": 199,
              "root": false,
              "rootEmpty": false,
              "_timeout": 2000
            }
          ],
          "passes": [],
          "failures": [],
          "pending": [],
          "skipped": [],
          "duration": 0,
          "root": false,
          "rootEmpty": false,
          "_timeout": 2000
        }
      ],
      "passes": [],
      "failures": [],
      "pending": [],
      "skipped": [],
      "duration": 0,
      "root": true,
      "rootEmpty": true,
      "_timeout": 2000
    },
    {
      "uuid": "19738bdb-0ad1-4b15-9311-53bd210f440c",
      "title": "",
      "fullFile": "cypress\\E2E\\SERVICES\\PatientServiceAPI\\SMOKE\\patiEntAttribute\\patientsAttributeURIParams.cy.ts",
      "file": "cypress\\E2E\\SERVICES\\PatientServiceAPI\\SMOKE\\patiEntAttribute\\patientsAttributeURIParams.cy.ts",
      "beforeHooks": [],
      "afterHooks": [],
      "tests": [],
      "suites": [
        {
          "uuid": "3f3b4ac3-34cf-42ac-8444-f932a4360800",
          "title": "[P31][S269] Patients API Test Suite",
          "fullFile": "",
          "file": "",
          "beforeHooks": [],
          "afterHooks": [],
          "tests": [],
          "suites": [
            {
              "uuid": "6f6bb440-dcc7-49f7-af00-51af58e96346",
              "title": "Patients URI  ID resource Endpoint Tests",
              "fullFile": "",
              "file": "",
              "beforeHooks": [],
              "afterHooks": [],
              "tests": [
                {
                  "title": "[C5628] Full list of patient-attributes",
                  "fullTitle": "[P31][S269] Patients API Test Suite Patients URI  ID resource Endpoint Tests [C5628] Full list of patient-attributes",
                  "timedOut": null,
                  "duration": 95,
                  "state": "passed",
                  "speed": "fast",
                  "pass": true,
                  "fail": false,
                  "pending": false,
                  "context": null,
                  "code": "cy.performPatientAPIRequest(_support_utilities_index__WEBPACK_IMPORTED_MODULE_1__.PatientAPIURIResource.PATIENTS_ATTRIBUTE, _support_utilities_index__WEBPACK_IMPORTED_MODULE_1__.ApiVersion.v1, test, token).then(({ body }) => {\n    cy.validatePatientsAttribute(body, test);\n});",
                  "err": {},
                  "uuid": "dc889044-c1d0-492f-968a-bbab9141bf07",
                  "parentUUID": "6f6bb440-dcc7-49f7-af00-51af58e96346",
                  "isHook": false,
                  "skipped": false
                }
              ],
              "suites": [],
              "passes": [
                "dc889044-c1d0-492f-968a-bbab9141bf07"
              ],
              "failures": [],
              "pending": [],
              "skipped": [],
              "duration": 95,
              "root": false,
              "rootEmpty": false,
              "_timeout": 2000
            }
          ],
          "passes": [],
          "failures": [],
          "pending": [],
          "skipped": [],
          "duration": 0,
          "root": false,
          "rootEmpty": false,
          "_timeout": 2000
        }
      ],
      "passes": [],
      "failures": [],
      "pending": [],
      "skipped": [],
      "duration": 0,
      "root": true,
      "rootEmpty": true,
      "_timeout": 2000
    },
    {
      "uuid": "13299b8b-a09f-4774-9c1a-07bf08be867c",
      "title": "",
      "fullFile": "cypress\\E2E\\SERVICES\\PatientServiceAPI\\SMOKE\\patient\\patientsIdsQueryBodypayload.cy.ts",
      "file": "cypress\\E2E\\SERVICES\\PatientServiceAPI\\SMOKE\\patient\\patientsIdsQueryBodypayload.cy.ts",
      "beforeHooks": [],
      "afterHooks": [],
      "tests": [],
      "suites": [
        {
          "uuid": "4119fc47-51eb-4543-aaf9-cddb2ac3679f",
          "title": "[P31][S269] Patients API Test Suite",
          "fullFile": "",
          "file": "",
          "beforeHooks": [],
          "afterHooks": [],
          "tests": [],
          "suites": [
            {
              "uuid": "fac4d2b3-cfd7-4705-b98c-d7926b372d17",
              "title": "Patients_IDs resource endpoint",
              "fullFile": "",
              "file": "",
              "beforeHooks": [],
              "afterHooks": [],
              "tests": [
                {
                  "title": "Search for single PATIENT_ID and matched LOCATION_ID [C5455]",
                  "fullTitle": "[P31][S269] Patients API Test Suite Patients_IDs resource endpoint Search for single PATIENT_ID and matched LOCATION_ID [C5455]",
                  "timedOut": null,
                  "duration": 71,
                  "state": "passed",
                  "speed": "fast",
                  "pass": true,
                  "fail": false,
                  "pending": false,
                  "context": null,
                  "code": "cy.step('Running performPatientAPIRequest');\ncy.performPatientAPIRequest(_support_utilities_index__WEBPACK_IMPORTED_MODULE_1__.PatientAPIURIResource.PATIENTS_IDS, _support_utilities_index__WEBPACK_IMPORTED_MODULE_1__.ApiVersion.v1, test).then(({ body }) => {\n    cy.validatePatientsBody(body, test);\n});",
                  "err": {},
                  "uuid": "979c571e-6d0a-45c8-9e4f-c91043050853",
                  "parentUUID": "fac4d2b3-cfd7-4705-b98c-d7926b372d17",
                  "isHook": false,
                  "skipped": false
                },
                {
                  "title": "Search for Multi PATIENT_ID and matched LOCATION_ID [C5456]",
                  "fullTitle": "[P31][S269] Patients API Test Suite Patients_IDs resource endpoint Search for Multi PATIENT_ID and matched LOCATION_ID [C5456]",
                  "timedOut": null,
                  "duration": 51,
                  "state": "passed",
                  "speed": "fast",
                  "pass": true,
                  "fail": false,
                  "pending": false,
                  "context": null,
                  "code": "cy.step('Running performPatientAPIRequest');\ncy.performPatientAPIRequest(_support_utilities_index__WEBPACK_IMPORTED_MODULE_1__.PatientAPIURIResource.PATIENTS_IDS, _support_utilities_index__WEBPACK_IMPORTED_MODULE_1__.ApiVersion.v1, test).then(({ body }) => {\n    cy.validatePatientsBody(body, test);\n});",
                  "err": {},
                  "uuid": "bc8e8769-24e5-4577-9ff8-060fa90c90ec",
                  "parentUUID": "fac4d2b3-cfd7-4705-b98c-d7926b372d17",
                  "isHook": false,
                  "skipped": false
                },
                {
                  "title": "[C5457] Search for single PATIENT_ID and unMatched LOCATION_ID",
                  "fullTitle": "[P31][S269] Patients API Test Suite Patients_IDs resource endpoint [C5457] Search for single PATIENT_ID and unMatched LOCATION_ID",
                  "timedOut": null,
                  "duration": 49,
                  "state": "passed",
                  "speed": "fast",
                  "pass": true,
                  "fail": false,
                  "pending": false,
                  "context": null,
                  "code": "cy.step('Running performPatientAPIRequest');\ncy.performPatientAPIRequest(_support_utilities_index__WEBPACK_IMPORTED_MODULE_1__.PatientAPIURIResource.PATIENTS_IDS, _support_utilities_index__WEBPACK_IMPORTED_MODULE_1__.ApiVersion.v1, test).then(({ body }) => {\n    cy.validatePatientsBody(body, test);\n});",
                  "err": {},
                  "uuid": "e3fbc599-51c2-4e90-a329-4fbe3ff5bd0c",
                  "parentUUID": "fac4d2b3-cfd7-4705-b98c-d7926b372d17",
                  "isHook": false,
                  "skipped": false
                },
                {
                  "title": "[C5458] Search for PATIENT without passing the ID",
                  "fullTitle": "[P31][S269] Patients API Test Suite Patients_IDs resource endpoint [C5458] Search for PATIENT without passing the ID",
                  "timedOut": null,
                  "duration": 49,
                  "state": "passed",
                  "speed": "fast",
                  "pass": true,
                  "fail": false,
                  "pending": false,
                  "context": null,
                  "code": "cy.step('Running performPatientAPIRequest');\ncy.performPatientAPIRequest(_support_utilities_index__WEBPACK_IMPORTED_MODULE_1__.PatientAPIURIResource.PATIENTS_IDS, _support_utilities_index__WEBPACK_IMPORTED_MODULE_1__.ApiVersion.v1, test).then(({ body }) => {\n    cy.validatePatientsBody(body, test);\n});",
                  "err": {},
                  "uuid": "2989675d-1076-4eb4-8739-0bfe3072e757",
                  "parentUUID": "fac4d2b3-cfd7-4705-b98c-d7926b372d17",
                  "isHook": false,
                  "skipped": false
                },
                {
                  "title": "[C5459] Search for single PATIENT_ID with not supported key",
                  "fullTitle": "[P31][S269] Patients API Test Suite Patients_IDs resource endpoint [C5459] Search for single PATIENT_ID with not supported key",
                  "timedOut": null,
                  "duration": 48,
                  "state": "passed",
                  "speed": "fast",
                  "pass": true,
                  "fail": false,
                  "pending": false,
                  "context": null,
                  "code": "cy.step('Running performPatientAPIRequest');\ncy.performPatientAPIRequest(_support_utilities_index__WEBPACK_IMPORTED_MODULE_1__.PatientAPIURIResource.PATIENTS_IDS, _support_utilities_index__WEBPACK_IMPORTED_MODULE_1__.ApiVersion.v1, test).then(({ body }) => {\n    cy.validatePatientsBody(body, test);\n});",
                  "err": {},
                  "uuid": "1cf2a821-8766-4819-93a8-27608893722d",
                  "parentUUID": "fac4d2b3-cfd7-4705-b98c-d7926b372d17",
                  "isHook": false,
                  "skipped": false
                }
              ],
              "suites": [],
              "passes": [
                "979c571e-6d0a-45c8-9e4f-c91043050853",
                "bc8e8769-24e5-4577-9ff8-060fa90c90ec",
                "e3fbc599-51c2-4e90-a329-4fbe3ff5bd0c",
                "2989675d-1076-4eb4-8739-0bfe3072e757",
                "1cf2a821-8766-4819-93a8-27608893722d"
              ],
              "failures": [],
              "pending": [],
              "skipped": [],
              "duration": 268,
              "root": false,
              "rootEmpty": false,
              "_timeout": 2000
            }
          ],
          "passes": [],
          "failures": [],
          "pending": [],
          "skipped": [],
          "duration": 0,
          "root": false,
          "rootEmpty": false,
          "_timeout": 2000
        }
      ],
      "passes": [],
      "failures": [],
      "pending": [],
      "skipped": [],
      "duration": 0,
      "root": true,
      "rootEmpty": true,
      "_timeout": 2000
    },
    {
      "uuid": "567ac215-4c51-46ad-a027-149f65323c88",
      "title": "",
      "fullFile": "cypress\\E2E\\SERVICES\\PatientServiceAPI\\SMOKE\\patient\\patientsQueryURIParams.cy.ts",
      "file": "cypress\\E2E\\SERVICES\\PatientServiceAPI\\SMOKE\\patient\\patientsQueryURIParams.cy.ts",
      "beforeHooks": [],
      "afterHooks": [],
      "tests": [],
      "suites": [
        {
          "uuid": "fa07aeb8-ec31-4b86-8f24-e892cf661654",
          "title": "[P31][S269] Patients API Test Suite",
          "fullFile": "",
          "file": "",
          "beforeHooks": [],
          "afterHooks": [],
          "tests": [],
          "suites": [
            {
              "uuid": "790e6c27-1af5-4b58-b938-db69518ff65e",
              "title": "Patients URI  ID resource Endpoint Tests",
              "fullFile": "",
              "file": "",
              "beforeHooks": [],
              "afterHooks": [],
              "tests": [
                {
                  "title": "[C5451] Search by single paramKey URI request",
                  "fullTitle": "[P31][S269] Patients API Test Suite Patients URI  ID resource Endpoint Tests [C5451] Search by single paramKey URI request",
                  "timedOut": null,
                  "duration": 307,
                  "state": "failed",
                  "speed": null,
                  "pass": false,
                  "fail": true,
                  "pending": false,
                  "context": "{\n  \"title\": \"cypress-mochawesome-reporter-screenshots\",\n  \"value\": [\n    [\n      \"\\\\patient\\\\patientsQueryURIParams.cy.ts\\\\[P31][S269] Patients API Test Suite -- Patients URI  ID resource Endpoint Tests -- [C5451] Search by single paramKey URI request (failed).png\"\n    ]\n  ]\n}",
                  "code": "cy.performPatientAPIRequest(_support_utilities_index__WEBPACK_IMPORTED_MODULE_1__.PatientAPIURIResource.PATIENTS_ID_URI, _support_utilities_index__WEBPACK_IMPORTED_MODULE_1__.ApiVersion.v1, test, token).then(({ body }) => {\n    cy.validatePatientsBody(body, test);\n});",
                  "err": {
                    "message": "AssertionError: expected 404 to equal 200\n\nTest steps were:\n\n1. Spec path: cypress/E2E/SERVICES/PatientServiceAPI/SMOKE/patient/patientsQueryURIParams.cy.ts\n2. Check if cy.login should be skipped: true\n3. Resolved Endpoint: /fusion-services-patient/api/v1/patients/126230400000400",
                    "estack": "AssertionError: expected 404 to equal 200\n    at Context.eval (webpack:///./cypress/support/commands/servicesCommands.ts:111:31)\n    at getRet (https://fh-qa-app01.fusionmgt.com/__cypress/runner/cypress_runner.js:119616:20)\n    at tryCatcher (https://fh-qa-app01.fusionmgt.com/__cypress/runner/cypress_runner.js:1777:23)\n    at Promise.attempt.Promise.try (https://fh-qa-app01.fusionmgt.com/__cypress/runner/cypress_runner.js:4285:29)\n    at Context.thenFn (https://fh-qa-app01.fusionmgt.com/__cypress/runner/cypress_runner.js:119627:66)\n    at Context.then (https://fh-qa-app01.fusionmgt.com/__cypress/runner/cypress_runner.js:119878:21)",
                    "diff": "- 404\n+ 200\n"
                  },
                  "uuid": "b2c52f0c-6c15-400c-8e5b-728805a5e11c",
                  "parentUUID": "790e6c27-1af5-4b58-b938-db69518ff65e",
                  "isHook": false,
                  "skipped": false
                },
                {
                  "title": "[C5452] Search by single paramKey URI request and LocationID",
                  "fullTitle": "[P31][S269] Patients API Test Suite Patients URI  ID resource Endpoint Tests [C5452] Search by single paramKey URI request and LocationID",
                  "timedOut": null,
                  "duration": 192,
                  "state": "failed",
                  "speed": null,
                  "pass": false,
                  "fail": true,
                  "pending": false,
                  "context": "{\n  \"title\": \"cypress-mochawesome-reporter-screenshots\",\n  \"value\": [\n    [\n      \"\\\\patient\\\\patientsQueryURIParams.cy.ts\\\\[P31][S269] Patients API Test Suite -- Patients URI  ID resource Endpoint Tests -- [C5452] Search by single paramKey URI request and LocationID (failed).png\"\n    ]\n  ]\n}",
                  "code": "cy.performPatientAPIRequest(_support_utilities_index__WEBPACK_IMPORTED_MODULE_1__.PatientAPIURIResource.PATIENTS_ID_URI, _support_utilities_index__WEBPACK_IMPORTED_MODULE_1__.ApiVersion.v1, test, token).then(({ body }) => {\n    cy.validatePatientsBody(body, test);\n});",
                  "err": {
                    "message": "AssertionError: expected 404 to equal 200\n\nTest steps were:\n\n1. Resolved Endpoint: /fusion-services-patient/api/v1/patients/126230400000400\n2. ⚙️ Creating Request body\n3. ✅ Created Request body:: {\"locationIds\":\"1740067284141140\"}",
                    "estack": "AssertionError: expected 404 to equal 200\n    at Context.eval (webpack:///./cypress/support/commands/servicesCommands.ts:111:31)\n    at getRet (https://fh-qa-app01.fusionmgt.com/__cypress/runner/cypress_runner.js:119616:20)\n    at tryCatcher (https://fh-qa-app01.fusionmgt.com/__cypress/runner/cypress_runner.js:1777:23)\n    at Promise.attempt.Promise.try (https://fh-qa-app01.fusionmgt.com/__cypress/runner/cypress_runner.js:4285:29)\n    at Context.thenFn (https://fh-qa-app01.fusionmgt.com/__cypress/runner/cypress_runner.js:119627:66)\n    at Context.then (https://fh-qa-app01.fusionmgt.com/__cypress/runner/cypress_runner.js:119878:21)",
                    "diff": "- 404\n+ 200\n"
                  },
                  "uuid": "1046f71b-d86b-433b-9891-24526f8e0655",
                  "parentUUID": "790e6c27-1af5-4b58-b938-db69518ff65e",
                  "isHook": false,
                  "skipped": false
                },
                {
                  "title": "[C5453] Search by single paramKey URI without an ID",
                  "fullTitle": "[P31][S269] Patients API Test Suite Patients URI  ID resource Endpoint Tests [C5453] Search by single paramKey URI without an ID",
                  "timedOut": null,
                  "duration": 51,
                  "state": "passed",
                  "speed": "fast",
                  "pass": true,
                  "fail": false,
                  "pending": false,
                  "context": null,
                  "code": "cy.performPatientAPIRequest(_support_utilities_index__WEBPACK_IMPORTED_MODULE_1__.PatientAPIURIResource.PATIENTS_ID_URI, _support_utilities_index__WEBPACK_IMPORTED_MODULE_1__.ApiVersion.v1, test, token).then(({ body }) => {\n    cy.validatePatientsBody(body, test);\n});",
                  "err": {},
                  "uuid": "309b26c8-7428-4a63-add6-a384a4c5f356",
                  "parentUUID": "790e6c27-1af5-4b58-b938-db69518ff65e",
                  "isHook": false,
                  "skipped": false
                },
                {
                  "title": "[C5454] Search by patient with invalid ID",
                  "fullTitle": "[P31][S269] Patients API Test Suite Patients URI  ID resource Endpoint Tests [C5454] Search by patient with invalid ID",
                  "timedOut": null,
                  "duration": 48,
                  "state": "passed",
                  "speed": "fast",
                  "pass": true,
                  "fail": false,
                  "pending": false,
                  "context": null,
                  "code": "cy.performPatientAPIRequest(_support_utilities_index__WEBPACK_IMPORTED_MODULE_1__.PatientAPIURIResource.PATIENTS_ID_URI, _support_utilities_index__WEBPACK_IMPORTED_MODULE_1__.ApiVersion.v1, test, token).then(({ body }) => {\n    cy.validatePatientsBody(body, test);\n});",
                  "err": {},
                  "uuid": "f54b9e33-5876-4ed3-a81e-290dc8e348f6",
                  "parentUUID": "790e6c27-1af5-4b58-b938-db69518ff65e",
                  "isHook": false,
                  "skipped": false
                }
              ],
              "suites": [],
              "passes": [
                "309b26c8-7428-4a63-add6-a384a4c5f356",
                "f54b9e33-5876-4ed3-a81e-290dc8e348f6"
              ],
              "failures": [
                "b2c52f0c-6c15-400c-8e5b-728805a5e11c",
                "1046f71b-d86b-433b-9891-24526f8e0655"
              ],
              "pending": [],
              "skipped": [],
              "duration": 598,
              "root": false,
              "rootEmpty": false,
              "_timeout": 2000
            }
          ],
          "passes": [],
          "failures": [],
          "pending": [],
          "skipped": [],
          "duration": 0,
          "root": false,
          "rootEmpty": false,
          "_timeout": 2000
        }
      ],
      "passes": [],
      "failures": [],
      "pending": [],
      "skipped": [],
      "duration": 0,
      "root": true,
      "rootEmpty": true,
      "_timeout": 2000
    },
    {
      "uuid": "7a175503-60eb-4524-861b-c5ed1b141b9d",
      "title": "",
      "fullFile": "cypress\\E2E\\SERVICES\\PatientServiceAPI\\SMOKE\\patient\\patientsSearchQueryBodypayload.cy.ts",
      "file": "cypress\\E2E\\SERVICES\\PatientServiceAPI\\SMOKE\\patient\\patientsSearchQueryBodypayload.cy.ts",
      "beforeHooks": [],
      "afterHooks": [],
      "tests": [],
      "suites": [
        {
          "uuid": "99a75f3b-8094-42b8-900c-664208ff1fcd",
          "title": "[P31][S269] Patients API Test Suite",
          "fullFile": "",
          "file": "",
          "beforeHooks": [],
          "afterHooks": [],
          "tests": [],
          "suites": [
            {
              "uuid": "21523863-826f-483c-b8d7-5649feb8e9e9",
              "title": "Patients Search resource Endpoint",
              "fullFile": "",
              "file": "",
              "beforeHooks": [],
              "afterHooks": [],
              "tests": [
                {
                  "title": "[C5460] Search PhoneNumber and limit",
                  "fullTitle": "[P31][S269] Patients API Test Suite Patients Search resource Endpoint [C5460] Search PhoneNumber and limit",
                  "timedOut": null,
                  "duration": 71,
                  "state": "passed",
                  "speed": "fast",
                  "pass": true,
                  "fail": false,
                  "pending": false,
                  "context": null,
                  "code": "cy.performPatientAPIRequest(_support_utilities_index__WEBPACK_IMPORTED_MODULE_1__.PatientAPIURIResource.PATIENTS_SEARCH, _support_utilities_index__WEBPACK_IMPORTED_MODULE_1__.ApiVersion.v1, test, token).then(({ body }) => {\n    cy.validatePatientsBody(body, test);\n});",
                  "err": {},
                  "uuid": "3d76be74-946f-45c9-995e-c1fba2f6ae40",
                  "parentUUID": "21523863-826f-483c-b8d7-5649feb8e9e9",
                  "isHook": false,
                  "skipped": false
                },
                {
                  "title": "[C5461] Search PhoneNumber and without limit",
                  "fullTitle": "[P31][S269] Patients API Test Suite Patients Search resource Endpoint [C5461] Search PhoneNumber and without limit",
                  "timedOut": null,
                  "duration": 50,
                  "state": "passed",
                  "speed": "fast",
                  "pass": true,
                  "fail": false,
                  "pending": false,
                  "context": null,
                  "code": "cy.performPatientAPIRequest(_support_utilities_index__WEBPACK_IMPORTED_MODULE_1__.PatientAPIURIResource.PATIENTS_SEARCH, _support_utilities_index__WEBPACK_IMPORTED_MODULE_1__.ApiVersion.v1, test, token).then(({ body }) => {\n    cy.validatePatientsBody(body, test);\n});",
                  "err": {},
                  "uuid": "57727a4f-6ed3-4890-a013-1ad12efd3e3a",
                  "parentUUID": "21523863-826f-483c-b8d7-5649feb8e9e9",
                  "isHook": false,
                  "skipped": false
                },
                {
                  "title": "[C5462] Search LastName, limit and LOCATION_ID",
                  "fullTitle": "[P31][S269] Patients API Test Suite Patients Search resource Endpoint [C5462] Search LastName, limit and LOCATION_ID",
                  "timedOut": null,
                  "duration": 55,
                  "state": "passed",
                  "speed": "fast",
                  "pass": true,
                  "fail": false,
                  "pending": false,
                  "context": null,
                  "code": "cy.performPatientAPIRequest(_support_utilities_index__WEBPACK_IMPORTED_MODULE_1__.PatientAPIURIResource.PATIENTS_SEARCH, _support_utilities_index__WEBPACK_IMPORTED_MODULE_1__.ApiVersion.v1, test, token).then(({ body }) => {\n    cy.validatePatientsBody(body, test);\n});",
                  "err": {},
                  "uuid": "726ea0f7-d299-43a4-b739-debf89ca1185",
                  "parentUUID": "21523863-826f-483c-b8d7-5649feb8e9e9",
                  "isHook": false,
                  "skipped": false
                },
                {
                  "title": "[C5463] Search DOB, limit and location",
                  "fullTitle": "[P31][S269] Patients API Test Suite Patients Search resource Endpoint [C5463] Search DOB, limit and location",
                  "timedOut": null,
                  "duration": 162,
                  "state": "passed",
                  "speed": "fast",
                  "pass": true,
                  "fail": false,
                  "pending": false,
                  "context": null,
                  "code": "cy.performPatientAPIRequest(_support_utilities_index__WEBPACK_IMPORTED_MODULE_1__.PatientAPIURIResource.PATIENTS_SEARCH, _support_utilities_index__WEBPACK_IMPORTED_MODULE_1__.ApiVersion.v1, test, token).then(({ body }) => {\n    cy.validatePatientsBody(body, test);\n});",
                  "err": {},
                  "uuid": "3f01428d-8b96-4984-a78d-b3fb347231a8",
                  "parentUUID": "21523863-826f-483c-b8d7-5649feb8e9e9",
                  "isHook": false,
                  "skipped": false
                },
                {
                  "title": "[C5464] Search externalIdentifiers and limit",
                  "fullTitle": "[P31][S269] Patients API Test Suite Patients Search resource Endpoint [C5464] Search externalIdentifiers and limit",
                  "timedOut": null,
                  "duration": 52,
                  "state": "passed",
                  "speed": "fast",
                  "pass": true,
                  "fail": false,
                  "pending": false,
                  "context": null,
                  "code": "cy.performPatientAPIRequest(_support_utilities_index__WEBPACK_IMPORTED_MODULE_1__.PatientAPIURIResource.PATIENTS_SEARCH, _support_utilities_index__WEBPACK_IMPORTED_MODULE_1__.ApiVersion.v1, test, token).then(({ body }) => {\n    cy.validatePatientsBody(body, test);\n});",
                  "err": {},
                  "uuid": "b215845d-a89e-4bd3-b4ee-55e25d5eb71c",
                  "parentUUID": "21523863-826f-483c-b8d7-5649feb8e9e9",
                  "isHook": false,
                  "skipped": false
                },
                {
                  "title": "[C5465] Search Only Inactive Patients and limit",
                  "fullTitle": "[P31][S269] Patients API Test Suite Patients Search resource Endpoint [C5465] Search Only Inactive Patients and limit",
                  "timedOut": null,
                  "duration": 196,
                  "state": "failed",
                  "speed": null,
                  "pass": false,
                  "fail": true,
                  "pending": false,
                  "context": "{\n  \"title\": \"cypress-mochawesome-reporter-screenshots\",\n  \"value\": [\n    [\n      \"\\\\patient\\\\patientsSearchQueryBodypayload.cy.ts\\\\[P31][S269] Patients API Test Suite -- Patients Search resource Endpoint -- [C5465] Search Only Inactive Patients and limit (failed).png\"\n    ]\n  ]\n}",
                  "code": "cy.performPatientAPIRequest(_support_utilities_index__WEBPACK_IMPORTED_MODULE_1__.PatientAPIURIResource.PATIENTS_SEARCH, _support_utilities_index__WEBPACK_IMPORTED_MODULE_1__.ApiVersion.v1, test, token).then(({ body }) => {\n    cy.validatePatientsBody(body, test);\n});",
                  "err": {
                    "message": "AssertionError: expected 400 to equal 200\n\nTest steps were:\n\n1. Resolved Endpoint: /fusion-services-patient/api/v1/patients/search\n2. ⚙️ Creating Request body\n3. ✅ Created Request body:: {\"includeInactive\":false,\"limit\":5}",
                    "estack": "AssertionError: expected 400 to equal 200\n    at Context.eval (webpack:///./cypress/support/commands/servicesCommands.ts:111:31)\n    at getRet (https://fh-qa-app01.fusionmgt.com/__cypress/runner/cypress_runner.js:119616:20)\n    at tryCatcher (https://fh-qa-app01.fusionmgt.com/__cypress/runner/cypress_runner.js:1777:23)\n    at Promise.attempt.Promise.try (https://fh-qa-app01.fusionmgt.com/__cypress/runner/cypress_runner.js:4285:29)\n    at Context.thenFn (https://fh-qa-app01.fusionmgt.com/__cypress/runner/cypress_runner.js:119627:66)\n    at Context.then (https://fh-qa-app01.fusionmgt.com/__cypress/runner/cypress_runner.js:119878:21)",
                    "diff": "- 400\n+ 200\n"
                  },
                  "uuid": "04dc780b-6dd1-443c-8e00-803637638249",
                  "parentUUID": "21523863-826f-483c-b8d7-5649feb8e9e9",
                  "isHook": false,
                  "skipped": false
                },
                {
                  "title": "[C5467] Search Patients MEDICAL RECORD NUMBER and limit",
                  "fullTitle": "[P31][S269] Patients API Test Suite Patients Search resource Endpoint [C5467] Search Patients MEDICAL RECORD NUMBER and limit",
                  "timedOut": null,
                  "duration": 54,
                  "state": "passed",
                  "speed": "fast",
                  "pass": true,
                  "fail": false,
                  "pending": false,
                  "context": null,
                  "code": "cy.performPatientAPIRequest(_support_utilities_index__WEBPACK_IMPORTED_MODULE_1__.PatientAPIURIResource.PATIENTS_SEARCH, _support_utilities_index__WEBPACK_IMPORTED_MODULE_1__.ApiVersion.v1, test, token).then(({ body }) => {\n    cy.validatePatientsBody(body, test);\n});",
                  "err": {},
                  "uuid": "bd424464-c36c-43e9-a8df-e4c2c4a5b3e1",
                  "parentUUID": "21523863-826f-483c-b8d7-5649feb8e9e9",
                  "isHook": false,
                  "skipped": false
                }
              ],
              "suites": [],
              "passes": [
                "3d76be74-946f-45c9-995e-c1fba2f6ae40",
                "57727a4f-6ed3-4890-a013-1ad12efd3e3a",
                "726ea0f7-d299-43a4-b739-debf89ca1185",
                "3f01428d-8b96-4984-a78d-b3fb347231a8",
                "b215845d-a89e-4bd3-b4ee-55e25d5eb71c",
                "bd424464-c36c-43e9-a8df-e4c2c4a5b3e1"
              ],
              "failures": [
                "04dc780b-6dd1-443c-8e00-803637638249"
              ],
              "pending": [],
              "skipped": [],
              "duration": 640,
              "root": false,
              "rootEmpty": false,
              "_timeout": 2000
            }
          ],
          "passes": [],
          "failures": [],
          "pending": [],
          "skipped": [],
          "duration": 0,
          "root": false,
          "rootEmpty": false,
          "_timeout": 2000
        }
      ],
      "passes": [],
      "failures": [],
      "pending": [],
      "skipped": [],
      "duration": 0,
      "root": true,
      "rootEmpty": true,
      "_timeout": 2000
    }
  ],
  "meta": {
    "mocha": {
      "version": "7.2.0"
    },
    "mochawesome": {
      "options": {
        "quiet": false,
        "reportFilename": "mochawesome",
        "saveHtml": false,
        "saveJson": true,
        "consoleReporter": "spec",
        "useInlineDiffs": false,
        "code": true
      },
      "version": "7.1.3"
    },
    "marge": {
      "options": {
        "reportDir": "cypress\\reports\\.jsons",
        "overwrite": false,
        "html": false,
        "json": true
      },
      "version": "6.2.0"
    }
  }
}