{
  "stats": {
    "suites": 2,
    "tests": 1,
    "passes": 1,
    "pending": 0,
    "failures": 0,
    "start": "2025-05-09T12:11:17.755Z",
    "end": "2025-05-09T12:11:18.036Z",
    "duration": 281,
    "testsRegistered": 1,
    "passPercent": 100,
    "pendingPercent": 0,
    "other": 0,
    "hasOther": false,
    "skipped": 0,
    "hasSkipped": false
  },
  "results": [
    {
      "uuid": "c6f69eb7-c8e4-4ee3-865b-044e60c2c12a",
      "title": "",
      "fullFile": "cypress\\E2E\\SERVICES\\PatientServiceAPI\\SMOKE\\patiEntAttribute\\patientsAttributeNameURIParams.cy.ts",
      "file": "cypress\\E2E\\SERVICES\\PatientServiceAPI\\SMOKE\\patiEntAttribute\\patientsAttributeNameURIParams.cy.ts",
      "beforeHooks": [],
      "afterHooks": [],
      "tests": [],
      "suites": [
        {
          "uuid": "dee8e2bf-a1bc-4278-89de-e4aa95057b94",
          "title": "[P31][S269] Patients API Test Suite",
          "fullFile": "",
          "file": "",
          "beforeHooks": [],
          "afterHooks": [],
          "tests": [],
          "suites": [
            {
              "uuid": "b6675d6e-4420-4752-b0a1-df1d648ec0a4",
              "title": "Patients URI  ID resource Endpoint Tests",
              "fullFile": "",
              "file": "",
              "beforeHooks": [],
              "afterHooks": [],
              "tests": [
                {
                  "title": " [C5629] Specific attributeName",
                  "fullTitle": "[P31][S269] Patients API Test Suite Patients URI  ID resource Endpoint Tests  [C5629] Specific attributeName",
                  "timedOut": null,
                  "duration": 199,
                  "state": "passed",
                  "speed": "fast",
                  "pass": true,
                  "fail": false,
                  "pending": false,
                  "context": null,
                  "code": "cy.performPatientAPIRequest(_support_utilities_index__WEBPACK_IMPORTED_MODULE_1__.PatientAPIURIResource.PATIENTS_ATTRIBUTE_NAME, _support_utilities_index__WEBPACK_IMPORTED_MODULE_1__.ApiVersion.v1, test, token).then(({ body }) => {\n    cy.validatePatientsAttribute(body, test);\n});",
                  "err": {},
                  "uuid": "186badc2-67ad-48bb-8c85-6f42e1742e7b",
                  "parentUUID": "b6675d6e-4420-4752-b0a1-df1d648ec0a4",
                  "isHook": false,
                  "skipped": false
                }
              ],
              "suites": [],
              "passes": [
                "186badc2-67ad-48bb-8c85-6f42e1742e7b"
              ],
              "failures": [],
              "pending": [],
              "skipped": [],
              "duration": 199,
              "root": false,
              "rootEmpty": false,
              "_timeout": 2000
            }
          ],
          "passes": [],
          "failures": [],
          "pending": [],
          "skipped": [],
          "duration": 0,
          "root": false,
          "rootEmpty": false,
          "_timeout": 2000
        }
      ],
      "passes": [],
      "failures": [],
      "pending": [],
      "skipped": [],
      "duration": 0,
      "root": true,
      "rootEmpty": true,
      "_timeout": 2000
    }
  ],
  "meta": {
    "mocha": {
      "version": "7.2.0"
    },
    "mochawesome": {
      "options": {
        "quiet": false,
        "reportFilename": "mochawesome",
        "saveHtml": false,
        "saveJson": true,
        "consoleReporter": "spec",
        "useInlineDiffs": false,
        "code": true
      },
      "version": "7.1.3"
    },
    "marge": {
      "options": {
        "reportDir": "cypress\\reports\\.jsons",
        "overwrite": false,
        "html": false,
        "json": true
      },
      "version": "6.2.0"
    }
  }
}