{
  "stats": {
    "suites": 2,
    "tests": 4,
    "passes": 2,
    "pending": 0,
    "failures": 2,
    "start": "2025-05-09T12:11:25.192Z",
    "end": "2025-05-09T12:11:25.912Z",
    "duration": 720,
    "testsRegistered": 4,
    "passPercent": 50,
    "pendingPercent": 0,
    "other": 0,
    "hasOther": false,
    "skipped": 0,
    "hasSkipped": false
  },
  "results": [
    {
      "uuid": "567ac215-4c51-46ad-a027-149f65323c88",
      "title": "",
      "fullFile": "cypress\\E2E\\SERVICES\\PatientServiceAPI\\SMOKE\\patient\\patientsQueryURIParams.cy.ts",
      "file": "cypress\\E2E\\SERVICES\\PatientServiceAPI\\SMOKE\\patient\\patientsQueryURIParams.cy.ts",
      "beforeHooks": [],
      "afterHooks": [],
      "tests": [],
      "suites": [
        {
          "uuid": "fa07aeb8-ec31-4b86-8f24-e892cf661654",
          "title": "[P31][S269] Patients API Test Suite",
          "fullFile": "",
          "file": "",
          "beforeHooks": [],
          "afterHooks": [],
          "tests": [],
          "suites": [
            {
              "uuid": "790e6c27-1af5-4b58-b938-db69518ff65e",
              "title": "Patients URI  ID resource Endpoint Tests",
              "fullFile": "",
              "file": "",
              "beforeHooks": [],
              "afterHooks": [],
              "tests": [
                {
                  "title": "[C5451] Search by single paramKey URI request",
                  "fullTitle": "[P31][S269] Patients API Test Suite Patients URI  ID resource Endpoint Tests [C5451] Search by single paramKey URI request",
                  "timedOut": null,
                  "duration": 307,
                  "state": "failed",
                  "speed": null,
                  "pass": false,
                  "fail": true,
                  "pending": false,
                  "context": "{\n  \"title\": \"cypress-mochawesome-reporter-screenshots\",\n  \"value\": [\n    [\n      \"\\\\patient\\\\patientsQueryURIParams.cy.ts\\\\[P31][S269] Patients API Test Suite -- Patients URI  ID resource Endpoint Tests -- [C5451] Search by single paramKey URI request (failed).png\"\n    ]\n  ]\n}",
                  "code": "cy.performPatientAPIRequest(_support_utilities_index__WEBPACK_IMPORTED_MODULE_1__.PatientAPIURIResource.PATIENTS_ID_URI, _support_utilities_index__WEBPACK_IMPORTED_MODULE_1__.ApiVersion.v1, test, token).then(({ body }) => {\n    cy.validatePatientsBody(body, test);\n});",
                  "err": {
                    "message": "AssertionError: expected 404 to equal 200\n\nTest steps were:\n\n1. Spec path: cypress/E2E/SERVICES/PatientServiceAPI/SMOKE/patient/patientsQueryURIParams.cy.ts\n2. Check if cy.login should be skipped: true\n3. Resolved Endpoint: /fusion-services-patient/api/v1/patients/126230400000400",
                    "estack": "AssertionError: expected 404 to equal 200\n    at Context.eval (webpack:///./cypress/support/commands/servicesCommands.ts:111:31)\n    at getRet (https://fh-qa-app01.fusionmgt.com/__cypress/runner/cypress_runner.js:119616:20)\n    at tryCatcher (https://fh-qa-app01.fusionmgt.com/__cypress/runner/cypress_runner.js:1777:23)\n    at Promise.attempt.Promise.try (https://fh-qa-app01.fusionmgt.com/__cypress/runner/cypress_runner.js:4285:29)\n    at Context.thenFn (https://fh-qa-app01.fusionmgt.com/__cypress/runner/cypress_runner.js:119627:66)\n    at Context.then (https://fh-qa-app01.fusionmgt.com/__cypress/runner/cypress_runner.js:119878:21)",
                    "diff": "- 404\n+ 200\n"
                  },
                  "uuid": "b2c52f0c-6c15-400c-8e5b-728805a5e11c",
                  "parentUUID": "790e6c27-1af5-4b58-b938-db69518ff65e",
                  "isHook": false,
                  "skipped": false
                },
                {
                  "title": "[C5452] Search by single paramKey URI request and LocationID",
                  "fullTitle": "[P31][S269] Patients API Test Suite Patients URI  ID resource Endpoint Tests [C5452] Search by single paramKey URI request and LocationID",
                  "timedOut": null,
                  "duration": 192,
                  "state": "failed",
                  "speed": null,
                  "pass": false,
                  "fail": true,
                  "pending": false,
                  "context": "{\n  \"title\": \"cypress-mochawesome-reporter-screenshots\",\n  \"value\": [\n    [\n      \"\\\\patient\\\\patientsQueryURIParams.cy.ts\\\\[P31][S269] Patients API Test Suite -- Patients URI  ID resource Endpoint Tests -- [C5452] Search by single paramKey URI request and LocationID (failed).png\"\n    ]\n  ]\n}",
                  "code": "cy.performPatientAPIRequest(_support_utilities_index__WEBPACK_IMPORTED_MODULE_1__.PatientAPIURIResource.PATIENTS_ID_URI, _support_utilities_index__WEBPACK_IMPORTED_MODULE_1__.ApiVersion.v1, test, token).then(({ body }) => {\n    cy.validatePatientsBody(body, test);\n});",
                  "err": {
                    "message": "AssertionError: expected 404 to equal 200\n\nTest steps were:\n\n1. Resolved Endpoint: /fusion-services-patient/api/v1/patients/126230400000400\n2. ⚙️ Creating Request body\n3. ✅ Created Request body:: {\"locationIds\":\"1740067284141140\"}",
                    "estack": "AssertionError: expected 404 to equal 200\n    at Context.eval (webpack:///./cypress/support/commands/servicesCommands.ts:111:31)\n    at getRet (https://fh-qa-app01.fusionmgt.com/__cypress/runner/cypress_runner.js:119616:20)\n    at tryCatcher (https://fh-qa-app01.fusionmgt.com/__cypress/runner/cypress_runner.js:1777:23)\n    at Promise.attempt.Promise.try (https://fh-qa-app01.fusionmgt.com/__cypress/runner/cypress_runner.js:4285:29)\n    at Context.thenFn (https://fh-qa-app01.fusionmgt.com/__cypress/runner/cypress_runner.js:119627:66)\n    at Context.then (https://fh-qa-app01.fusionmgt.com/__cypress/runner/cypress_runner.js:119878:21)",
                    "diff": "- 404\n+ 200\n"
                  },
                  "uuid": "1046f71b-d86b-433b-9891-24526f8e0655",
                  "parentUUID": "790e6c27-1af5-4b58-b938-db69518ff65e",
                  "isHook": false,
                  "skipped": false
                },
                {
                  "title": "[C5453] Search by single paramKey URI without an ID",
                  "fullTitle": "[P31][S269] Patients API Test Suite Patients URI  ID resource Endpoint Tests [C5453] Search by single paramKey URI without an ID",
                  "timedOut": null,
                  "duration": 51,
                  "state": "passed",
                  "speed": "fast",
                  "pass": true,
                  "fail": false,
                  "pending": false,
                  "context": null,
                  "code": "cy.performPatientAPIRequest(_support_utilities_index__WEBPACK_IMPORTED_MODULE_1__.PatientAPIURIResource.PATIENTS_ID_URI, _support_utilities_index__WEBPACK_IMPORTED_MODULE_1__.ApiVersion.v1, test, token).then(({ body }) => {\n    cy.validatePatientsBody(body, test);\n});",
                  "err": {},
                  "uuid": "309b26c8-7428-4a63-add6-a384a4c5f356",
                  "parentUUID": "790e6c27-1af5-4b58-b938-db69518ff65e",
                  "isHook": false,
                  "skipped": false
                },
                {
                  "title": "[C5454] Search by patient with invalid ID",
                  "fullTitle": "[P31][S269] Patients API Test Suite Patients URI  ID resource Endpoint Tests [C5454] Search by patient with invalid ID",
                  "timedOut": null,
                  "duration": 48,
                  "state": "passed",
                  "speed": "fast",
                  "pass": true,
                  "fail": false,
                  "pending": false,
                  "context": null,
                  "code": "cy.performPatientAPIRequest(_support_utilities_index__WEBPACK_IMPORTED_MODULE_1__.PatientAPIURIResource.PATIENTS_ID_URI, _support_utilities_index__WEBPACK_IMPORTED_MODULE_1__.ApiVersion.v1, test, token).then(({ body }) => {\n    cy.validatePatientsBody(body, test);\n});",
                  "err": {},
                  "uuid": "f54b9e33-5876-4ed3-a81e-290dc8e348f6",
                  "parentUUID": "790e6c27-1af5-4b58-b938-db69518ff65e",
                  "isHook": false,
                  "skipped": false
                }
              ],
              "suites": [],
              "passes": [
                "309b26c8-7428-4a63-add6-a384a4c5f356",
                "f54b9e33-5876-4ed3-a81e-290dc8e348f6"
              ],
              "failures": [
                "b2c52f0c-6c15-400c-8e5b-728805a5e11c",
                "1046f71b-d86b-433b-9891-24526f8e0655"
              ],
              "pending": [],
              "skipped": [],
              "duration": 598,
              "root": false,
              "rootEmpty": false,
              "_timeout": 2000
            }
          ],
          "passes": [],
          "failures": [],
          "pending": [],
          "skipped": [],
          "duration": 0,
          "root": false,
          "rootEmpty": false,
          "_timeout": 2000
        }
      ],
      "passes": [],
      "failures": [],
      "pending": [],
      "skipped": [],
      "duration": 0,
      "root": true,
      "rootEmpty": true,
      "_timeout": 2000
    }
  ],
  "meta": {
    "mocha": {
      "version": "7.2.0"
    },
    "mochawesome": {
      "options": {
        "quiet": false,
        "reportFilename": "mochawesome",
        "saveHtml": false,
        "saveJson": true,
        "consoleReporter": "spec",
        "useInlineDiffs": false,
        "code": true
      },
      "version": "7.1.3"
    },
    "marge": {
      "options": {
        "reportDir": "cypress\\reports\\.jsons",
        "overwrite": false,
        "html": false,
        "json": true
      },
      "version": "6.2.0"
    }
  }
}