{
  "stats": {
    "suites": 2,
    "tests": 5,
    "passes": 5,
    "pending": 0,
    "failures": 0,
    "start": "2025-05-09T12:11:22.672Z",
    "end": "2025-05-09T12:11:23.064Z",
    "duration": 392,
    "testsRegistered": 5,
    "passPercent": 100,
    "pendingPercent": 0,
    "other": 0,
    "hasOther": false,
    "skipped": 0,
    "hasSkipped": false
  },
  "results": [
    {
      "uuid": "13299b8b-a09f-4774-9c1a-07bf08be867c",
      "title": "",
      "fullFile": "cypress\\E2E\\SERVICES\\PatientServiceAPI\\SMOKE\\patient\\patientsIdsQueryBodypayload.cy.ts",
      "file": "cypress\\E2E\\SERVICES\\PatientServiceAPI\\SMOKE\\patient\\patientsIdsQueryBodypayload.cy.ts",
      "beforeHooks": [],
      "afterHooks": [],
      "tests": [],
      "suites": [
        {
          "uuid": "4119fc47-51eb-4543-aaf9-cddb2ac3679f",
          "title": "[P31][S269] Patients API Test Suite",
          "fullFile": "",
          "file": "",
          "beforeHooks": [],
          "afterHooks": [],
          "tests": [],
          "suites": [
            {
              "uuid": "fac4d2b3-cfd7-4705-b98c-d7926b372d17",
              "title": "Patients_IDs resource endpoint",
              "fullFile": "",
              "file": "",
              "beforeHooks": [],
              "afterHooks": [],
              "tests": [
                {
                  "title": "Search for single PATIENT_ID and matched LOCATION_ID [C5455]",
                  "fullTitle": "[P31][S269] Patients API Test Suite Patients_IDs resource endpoint Search for single PATIENT_ID and matched LOCATION_ID [C5455]",
                  "timedOut": null,
                  "duration": 71,
                  "state": "passed",
                  "speed": "fast",
                  "pass": true,
                  "fail": false,
                  "pending": false,
                  "context": null,
                  "code": "cy.step('Running performPatientAPIRequest');\ncy.performPatientAPIRequest(_support_utilities_index__WEBPACK_IMPORTED_MODULE_1__.PatientAPIURIResource.PATIENTS_IDS, _support_utilities_index__WEBPACK_IMPORTED_MODULE_1__.ApiVersion.v1, test).then(({ body }) => {\n    cy.validatePatientsBody(body, test);\n});",
                  "err": {},
                  "uuid": "979c571e-6d0a-45c8-9e4f-c91043050853",
                  "parentUUID": "fac4d2b3-cfd7-4705-b98c-d7926b372d17",
                  "isHook": false,
                  "skipped": false
                },
                {
                  "title": "Search for Multi PATIENT_ID and matched LOCATION_ID [C5456]",
                  "fullTitle": "[P31][S269] Patients API Test Suite Patients_IDs resource endpoint Search for Multi PATIENT_ID and matched LOCATION_ID [C5456]",
                  "timedOut": null,
                  "duration": 51,
                  "state": "passed",
                  "speed": "fast",
                  "pass": true,
                  "fail": false,
                  "pending": false,
                  "context": null,
                  "code": "cy.step('Running performPatientAPIRequest');\ncy.performPatientAPIRequest(_support_utilities_index__WEBPACK_IMPORTED_MODULE_1__.PatientAPIURIResource.PATIENTS_IDS, _support_utilities_index__WEBPACK_IMPORTED_MODULE_1__.ApiVersion.v1, test).then(({ body }) => {\n    cy.validatePatientsBody(body, test);\n});",
                  "err": {},
                  "uuid": "bc8e8769-24e5-4577-9ff8-060fa90c90ec",
                  "parentUUID": "fac4d2b3-cfd7-4705-b98c-d7926b372d17",
                  "isHook": false,
                  "skipped": false
                },
                {
                  "title": "[C5457] Search for single PATIENT_ID and unMatched LOCATION_ID",
                  "fullTitle": "[P31][S269] Patients API Test Suite Patients_IDs resource endpoint [C5457] Search for single PATIENT_ID and unMatched LOCATION_ID",
                  "timedOut": null,
                  "duration": 49,
                  "state": "passed",
                  "speed": "fast",
                  "pass": true,
                  "fail": false,
                  "pending": false,
                  "context": null,
                  "code": "cy.step('Running performPatientAPIRequest');\ncy.performPatientAPIRequest(_support_utilities_index__WEBPACK_IMPORTED_MODULE_1__.PatientAPIURIResource.PATIENTS_IDS, _support_utilities_index__WEBPACK_IMPORTED_MODULE_1__.ApiVersion.v1, test).then(({ body }) => {\n    cy.validatePatientsBody(body, test);\n});",
                  "err": {},
                  "uuid": "e3fbc599-51c2-4e90-a329-4fbe3ff5bd0c",
                  "parentUUID": "fac4d2b3-cfd7-4705-b98c-d7926b372d17",
                  "isHook": false,
                  "skipped": false
                },
                {
                  "title": "[C5458] Search for PATIENT without passing the ID",
                  "fullTitle": "[P31][S269] Patients API Test Suite Patients_IDs resource endpoint [C5458] Search for PATIENT without passing the ID",
                  "timedOut": null,
                  "duration": 49,
                  "state": "passed",
                  "speed": "fast",
                  "pass": true,
                  "fail": false,
                  "pending": false,
                  "context": null,
                  "code": "cy.step('Running performPatientAPIRequest');\ncy.performPatientAPIRequest(_support_utilities_index__WEBPACK_IMPORTED_MODULE_1__.PatientAPIURIResource.PATIENTS_IDS, _support_utilities_index__WEBPACK_IMPORTED_MODULE_1__.ApiVersion.v1, test).then(({ body }) => {\n    cy.validatePatientsBody(body, test);\n});",
                  "err": {},
                  "uuid": "2989675d-1076-4eb4-8739-0bfe3072e757",
                  "parentUUID": "fac4d2b3-cfd7-4705-b98c-d7926b372d17",
                  "isHook": false,
                  "skipped": false
                },
                {
                  "title": "[C5459] Search for single PATIENT_ID with not supported key",
                  "fullTitle": "[P31][S269] Patients API Test Suite Patients_IDs resource endpoint [C5459] Search for single PATIENT_ID with not supported key",
                  "timedOut": null,
                  "duration": 48,
                  "state": "passed",
                  "speed": "fast",
                  "pass": true,
                  "fail": false,
                  "pending": false,
                  "context": null,
                  "code": "cy.step('Running performPatientAPIRequest');\ncy.performPatientAPIRequest(_support_utilities_index__WEBPACK_IMPORTED_MODULE_1__.PatientAPIURIResource.PATIENTS_IDS, _support_utilities_index__WEBPACK_IMPORTED_MODULE_1__.ApiVersion.v1, test).then(({ body }) => {\n    cy.validatePatientsBody(body, test);\n});",
                  "err": {},
                  "uuid": "1cf2a821-8766-4819-93a8-27608893722d",
                  "parentUUID": "fac4d2b3-cfd7-4705-b98c-d7926b372d17",
                  "isHook": false,
                  "skipped": false
                }
              ],
              "suites": [],
              "passes": [
                "979c571e-6d0a-45c8-9e4f-c91043050853",
                "bc8e8769-24e5-4577-9ff8-060fa90c90ec",
                "e3fbc599-51c2-4e90-a329-4fbe3ff5bd0c",
                "2989675d-1076-4eb4-8739-0bfe3072e757",
                "1cf2a821-8766-4819-93a8-27608893722d"
              ],
              "failures": [],
              "pending": [],
              "skipped": [],
              "duration": 268,
              "root": false,
              "rootEmpty": false,
              "_timeout": 2000
            }
          ],
          "passes": [],
          "failures": [],
          "pending": [],
          "skipped": [],
          "duration": 0,
          "root": false,
          "rootEmpty": false,
          "_timeout": 2000
        }
      ],
      "passes": [],
      "failures": [],
      "pending": [],
      "skipped": [],
      "duration": 0,
      "root": true,
      "rootEmpty": true,
      "_timeout": 2000
    }
  ],
  "meta": {
    "mocha": {
      "version": "7.2.0"
    },
    "mochawesome": {
      "options": {
        "quiet": false,
        "reportFilename": "mochawesome",
        "saveHtml": false,
        "saveJson": true,
        "consoleReporter": "spec",
        "useInlineDiffs": false,
        "code": true
      },
      "version": "7.1.3"
    },
    "marge": {
      "options": {
        "reportDir": "cypress\\reports\\.jsons",
        "overwrite": false,
        "html": false,
        "json": true
      },
      "version": "6.2.0"
    }
  }
}