{
  "stats": {
    "suites": 1,
    "tests": 6,
    "passes": 4,
    "pending": 0,
    "failures": 2,
    "start": "2025-04-05T01:37:55.588Z",
    "end": "2025-04-05T01:38:17.795Z",
    "duration": 22207,
    "testsRegistered": 6,
    "passPercent": 66.66666666666666,
    "pendingPercent": 0,
    "other": 0,
    "hasOther": false,
    "skipped": 0,
    "hasSkipped": false
  },
  "results": [
    {
      "uuid": "8e9c29ba-28bb-428b-b131-31e516d2b150",
      "title": "",
      "fullFile": "cypress/e2e/jsonConverter.cy.js",
      "file": "cypress/e2e/jsonConverter.cy.js",
      "beforeHooks": [],
      "afterHooks": [],
      "tests": [],
      "suites": [
        {
          "uuid": "e42bdf79-01cc-4a6d-8a6d-755a166c14b4",
          "title": "Excel File Uploader & Converter",
          "fullFile": "",
          "file": "",
          "beforeHooks": [],
          "afterHooks": [],
          "tests": [
            {
              "title": "Upload Excel and Convert to JS [C1]",
              "fullTitle": "Excel File Uploader & Converter Upload Excel and Convert to JS [C1]",
              "timedOut": null,
              "duration": 1416,
              "state": "passed",
              "speed": "fast",
              "pass": true,
              "fail": false,
              "pending": false,
              "context": null,
              "code": "cy.get('[data-testid=\"variable-name-input-field\"]').should('be.visible').type('JSVariable').should('have.value', 'JSVariable');\ncy.get('button[role=\"combobox\"]').click();\ncy.get('select').select('JavaScript', {\n  force: true\n});\ncy.get('span[data-slot=\"select-value\"]').should('have.text', 'JavaScript');\n// Upload the Excel file\ncy.get('input[type=\"file\"]').selectFile('cypress/fixtures/2Game_of_Thrones_Cast_List_with_Earnings.xlsx', {\n  force: true\n});\ncy.get('[data-testid=\"totalEntries_count\"]').should('be.visible');",
              "err": {},
              "uuid": "409c21b1-7544-457c-b981-e1196b4a564b",
              "parentUUID": "e42bdf79-01cc-4a6d-8a6d-755a166c14b4",
              "isHook": false,
              "skipped": false
            },
            {
              "title": "Upload Excel and Convert to JSON C2",
              "fullTitle": "Excel File Uploader & Converter Upload Excel and Convert to JSON C2",
              "timedOut": null,
              "duration": 10237,
              "state": "failed",
              "speed": null,
              "pass": false,
              "fail": true,
              "pending": false,
              "context": null,
              "code": "cy.get('[data-testid=\"variable-name-input-field\"]').should('be.visible').type('JSONVariable').should('have.value', 'JSVariable');\ncy.get('button[role=\"combobox\"]').click();\ncy.get('select').select('Json', {\n  force: true\n});\ncy.get('span[data-slot=\"select-value\"]').should('have.text', 'JavaScript');\n// Upload the Excel file\ncy.get('input[type=\"file\"]').selectFile('cypress/fixtures/2Game_of_Thrones_Cast_List_with_Earnings.xlsx', {\n  force: true\n});\ncy.get('[data-testid=\"totalEntries_count\"]').should('be.visible');",
              "err": {
                "message": "AssertionError: Timed out retrying after 10000ms: expected '<input#«Rc7nenb»-form-item.border.p-2.w-full>' to have value 'JSVariable', but the value was 'JSONVariable'",
                "estack": "AssertionError: Timed out retrying after 10000ms: expected '<input#«Rc7nenb»-form-item.border.p-2.w-full>' to have value 'JSVariable', but the value was 'JSONVariable'\n    at Context.eval (webpack://cypress-xporter-monorepo/./cypress/e2e/jsonConverter.cy.js:23:108)",
                "diff": "- 'JSONVariable'\n+ 'JSVariable'\n"
              },
              "uuid": "d26d3382-a36c-4fa5-900f-a42c1abe5aac",
              "parentUUID": "e42bdf79-01cc-4a6d-8a6d-755a166c14b4",
              "isHook": false,
              "skipped": false
            },
            {
              "title": "Upload Excel and Convert to C#",
              "fullTitle": "Excel File Uploader & Converter Upload Excel and Convert to C#",
              "timedOut": null,
              "duration": 10226,
              "state": "failed",
              "speed": null,
              "pass": false,
              "fail": true,
              "pending": false,
              "context": null,
              "code": "cy.get('[data-testid=\"variable-name-input-field\"]').should('be.visible').type('cVariable').should('have.value', 'JSVariable');\ncy.get('button[role=\"combobox\"]').click();\ncy.get('select').select('Json', {\n  force: true\n});\ncy.get('span[data-slot=\"select-value\"]').should('have.text', 'Python');\n// Upload the Excel file\ncy.get('input[type=\"file\"]').selectFile('cypress/fixtures/2Game_of_Thrones_Cast_List_with_Earnings.xlsx', {\n  force: true\n});\ncy.get('[data-testid=\"totalEntries_count\"]').should('be.visible');",
              "err": {
                "message": "AssertionError: Timed out retrying after 10000ms: expected '<input#«Rc7nenb»-form-item.border.p-2.w-full>' to have value 'JSVariable', but the value was 'cVariable'",
                "estack": "AssertionError: Timed out retrying after 10000ms: expected '<input#«Rc7nenb»-form-item.border.p-2.w-full>' to have value 'JSVariable', but the value was 'cVariable'\n    at Context.eval (webpack://cypress-xporter-monorepo/./cypress/e2e/jsonConverter.cy.js:35:105)",
                "diff": "- 'cVariable'\n+ 'JSVariable'\n"
              },
              "uuid": "20f8688a-906c-41a3-bb47-7d6ae4e3be7e",
              "parentUUID": "e42bdf79-01cc-4a6d-8a6d-755a166c14b4",
              "isHook": false,
              "skipped": false
            },
            {
              "title": "Upload Excel and Convert to TypeScript [C3]",
              "fullTitle": "Excel File Uploader & Converter Upload Excel and Convert to TypeScript [C3]",
              "timedOut": null,
              "duration": 80,
              "state": "passed",
              "speed": "fast",
              "pass": true,
              "fail": false,
              "pending": false,
              "context": null,
              "code": "",
              "err": {},
              "uuid": "2713b8ec-2542-4b8d-995e-f6a03bd0f0b2",
              "parentUUID": "e42bdf79-01cc-4a6d-8a6d-755a166c14b4",
              "isHook": false,
              "skipped": false
            },
            {
              "title": "Upload Excel and Convert to Python [C5]",
              "fullTitle": "Excel File Uploader & Converter Upload Excel and Convert to Python [C5]",
              "timedOut": null,
              "duration": 70,
              "state": "passed",
              "speed": "fast",
              "pass": true,
              "fail": false,
              "pending": false,
              "context": null,
              "code": "",
              "err": {},
              "uuid": "8034983a-0814-451c-a019-f07091f3da34",
              "parentUUID": "e42bdf79-01cc-4a6d-8a6d-755a166c14b4",
              "isHook": false,
              "skipped": false
            },
            {
              "title": "Upload Excel and Convert to Any format and switch [C6]",
              "fullTitle": "Excel File Uploader & Converter Upload Excel and Convert to Any format and switch [C6]",
              "timedOut": null,
              "duration": 68,
              "state": "passed",
              "speed": "fast",
              "pass": true,
              "fail": false,
              "pending": false,
              "context": null,
              "code": "",
              "err": {},
              "uuid": "4824e357-79ff-46f2-92b0-492658fb1930",
              "parentUUID": "e42bdf79-01cc-4a6d-8a6d-755a166c14b4",
              "isHook": false,
              "skipped": false
            }
          ],
          "suites": [],
          "passes": [
            "409c21b1-7544-457c-b981-e1196b4a564b",
            "2713b8ec-2542-4b8d-995e-f6a03bd0f0b2",
            "8034983a-0814-451c-a019-f07091f3da34",
            "4824e357-79ff-46f2-92b0-492658fb1930"
          ],
          "failures": [
            "d26d3382-a36c-4fa5-900f-a42c1abe5aac",
            "20f8688a-906c-41a3-bb47-7d6ae4e3be7e"
          ],
          "pending": [],
          "skipped": [],
          "duration": 22097,
          "root": false,
          "rootEmpty": false,
          "_timeout": 2000
        }
      ],
      "passes": [],
      "failures": [],
      "pending": [],
      "skipped": [],
      "duration": 0,
      "root": true,
      "rootEmpty": true,
      "_timeout": 2000
    }
  ],
  "meta": {
    "mocha": {
      "version": "7.0.1"
    },
    "mochawesome": {
      "options": {
        "quiet": false,
        "reportFilename": "mochawesome",
        "saveHtml": false,
        "saveJson": true,
        "consoleReporter": "spec",
        "useInlineDiffs": false,
        "code": true
      },
      "version": "7.1.3"
    },
    "marge": {
      "options": {
        "reportDir": "cypress/reports/.jsons",
        "overwrite": false,
        "html": false,
        "json": true
      },
      "version": "6.2.0"
    }
  }
}